Session = 20260325_111335
Version = BMS 24.0
XML Path = wz_xml\xml_BMS_v24\
script Path = scripts\scripts_BMS\
DatabaseName Path = BMS_v24
Console Log = C:\Users\andre\Dropbox\games\ms_server\bms_v024\JMSv186\logs\Server_BMS_24_0_20260325_111335.log
java version "25.0.2" 2026-01-20 LTS
Java(TM) SE Runtime Environment (build 25.0.2+10-LTS-69)
Java HotSpot(TM) 64-Bit Server VM (build 25.0.2+10-LTS-69, mixed mode, sharing)
[2026/03/25 11:13:36][3][SETUP] VERSION
[2026/03/25 11:13:36][3][INFO] BMS v24.0
[2026/03/25 11:13:36][3][SETUP] DEV_LOG
[2026/03/25 11:13:36][3][SETUP] FLAG_CONTENT
[2026/03/25 11:13:36][3][SETUP] FLAG_CLIENT_EDIT
[2026/03/25 11:13:36][3][SETUP] EXP_TABLE
[2026/03/25 11:13:36][3][SETUP] PACKET_OPS
[2026/03/25 11:13:36][3][SETUP] PROPERTIES
[2026/03/25 11:13:36][3][SETUP] CODEPAGE
[2026/03/25 11:13:36][3][INFO] bind = 127.0.0.1:8484 (Login)
[2026/03/25 11:13:36][3][INFO] bind = 127.0.0.1:8100 (Kaede-1)
[2026/03/25 11:13:36][3][INFO] bind = 127.0.0.1:8101 (Kaede-2)
[2026/03/25 11:13:36][3][INFO] bind = 127.0.0.1:8596 (CashShop)
[2026/03/25 11:13:36][3][INFO] bind = 127.0.0.1:8597 (ITC)
[2026/03/25 11:13:36][3][SETUP] DONE!
[2026/03/25 11:13:58][51][ClientPacket] UNKNOWN @0016
[2026/03/25 11:14:01][51][INFO] [LOGIN MAPLEID] "123123"
[2026/03/25 11:14:01][51][ClientPacket] UNKNOWN @0004
[2026/03/25 11:14:03][51][DEBUG] setSelectedWorld : 0
[2026/03/25 11:14:03][51][DEBUG] setSelectedChannel : 0
[2026/03/25 11:14:03][51][WZ] setWzRoot : Character.wz
[2026/03/25 11:14:03][51][WZ] setWzRoot : Character.wz/Face
[2026/03/25 11:14:03][51][WZ] setWzRoot : Character.wz/Hair
[2026/03/25 11:14:04][51][WZ] setWzRoot : Skill.wz
[2026/03/25 11:14:06][51][DEBUG] findMigratingPlayer : NG.
[2026/03/25 11:14:06][51][WZ] setWzRoot : Map.wz
[2026/03/25 11:14:06][51][WZ] getData : Map.wz/Map/Map1/104040000.img
[2026/03/25 11:14:06][51][WZ] setWzRoot : Mob.wz
[2026/03/25 11:14:06][51][WZ] getData : Mob.wz/0100101.img
[2026/03/25 11:14:06][51][WZ] setWzRoot : String.wz
[2026/03/25 11:14:06][51][WZ] getData : String.wz/Mob.img
[2026/03/25 11:14:06][51][WZ] getData : Mob.wz/0130101.img
[2026/03/25 11:14:06][51][WZ] getData : Mob.wz/0210100.img
[2026/03/25 11:14:06][51][WZ] getData : Mob.wz/1210102.img
[2026/03/25 11:14:06][51][WZ] getData : Mob.wz/1110100.img
[2026/03/25 11:14:06][51][WZ] getData : Mob.wz/0130100.img
[2026/03/25 11:14:06][51][WZ] getData : Mob.wz/0120100.img
[2026/03/25 11:14:06][51][WZ] getData : String.wz/Map.img
[2026/03/25 11:14:06][51][WZ] setWzRoot : Item.wz/Cash/
[2026/03/25 11:14:06][51][WZ] getData : Item.wz/Cash//0501.img
[2026/03/25 11:14:06][51][WZ] getData : Item.wz/Cash//0502.img
[2026/03/25 11:14:06][51][WZ] getData : Item.wz/Cash//0503.img
[2026/03/25 11:14:06][51][WZ] getData : Item.wz/Cash//0504.img
[2026/03/25 11:14:06][51][WZ] getData : Item.wz/Cash//0505.img
[2026/03/25 11:14:06][51][WZ] getData : Item.wz/Cash//0506.img
[2026/03/25 11:14:06][51][WZ] getData : Item.wz/Cash//0507.img
[2026/03/25 11:14:06][51][WZ] getData : Item.wz/Cash//0508.img
[2026/03/25 11:14:06][51][WZ] getData : Item.wz/Cash//0509.img
[2026/03/25 11:14:06][51][WZ] getData : Item.wz/Cash//0510.img
[2026/03/25 11:14:06][51][WZ] getData : Item.wz/Cash//0511.img
[2026/03/25 11:14:06][51][WZ] getData : Item.wz/Cash//0512.img
[2026/03/25 11:14:06][51][WZ] getData : Item.wz/Cash//0513.img
[2026/03/25 11:14:06][51][WZ] getData : Item.wz/Cash//0514.img
[2026/03/25 11:14:06][51][WZ] getData : Item.wz/Cash//0515.img
[2026/03/25 11:14:06][51][WZ] getData : Item.wz/Cash//0516.img
[2026/03/25 11:14:06][51][WZ] getData : Item.wz/Cash//0517.img
[2026/03/25 11:14:06][51][WZ] getData : Item.wz/Cash//0518.img
[2026/03/25 11:14:06][51][WZ] getData : Item.wz/Cash//0519.img
[2026/03/25 11:14:06][51][WZ] getData : Item.wz/Cash//0520.img
[2026/03/25 11:14:06][51][WZ] getData : Item.wz/Cash//0521.img
[2026/03/25 11:14:06][51][WZ] getData : Item.wz/Cash//0522.img
[2026/03/25 11:14:06][51][WZ] getData : Item.wz/Cash//0523.img
[2026/03/25 11:14:06][51][WZ] getData : Item.wz/Cash//0524.img
[2026/03/25 11:14:06][51][WZ] getData : Item.wz/Cash//0525.img
[2026/03/25 11:14:06][51][WZ] getData : Item.wz/Cash//0528.img
[2026/03/25 11:14:06][51][WZ] getData : Item.wz/Cash//0529.img
[2026/03/25 11:14:06][51][WZ] getData : Item.wz/Cash//0530.img
[2026/03/25 11:14:06][51][WZ] getData : Item.wz/Cash//0531.img
[2026/03/25 11:14:06][51][WZ] getData : Item.wz/Cash//0532.img
[2026/03/25 11:14:06][51][WZ] getData : Item.wz/Cash//0533.img
[2026/03/25 11:14:06][51][WZ] getData : Item.wz/Cash//0536.img
[2026/03/25 11:14:06][51][WZ] getData : Item.wz/Cash//0537.img
[2026/03/25 11:14:06][51][WZ] getData : Item.wz/Cash//0538.img
[2026/03/25 11:14:06][51][WZ] getData : Item.wz/Cash//0539.img
[2026/03/25 11:14:06][51][WZ] getData : Item.wz/Cash//0540.img
[2026/03/25 11:14:06][51][WZ] getData : Item.wz/Cash//0542.img
[2026/03/25 11:14:06][51][WZ] getData : Item.wz/Cash//0543.img
[2026/03/25 11:14:06][51][WZ] getData : Item.wz/Cash//0545.img
[2026/03/25 11:14:06][51][WZ] getData : Item.wz/Cash//0546.img
[2026/03/25 11:14:06][51][WZ] getData : Item.wz/Cash//0547.img
[2026/03/25 11:14:06][51][WZ] getData : Item.wz/Cash//0551.img
[2026/03/25 11:14:06][51][WZ] getData : Item.wz/Cash//0552.img
[2026/03/25 11:14:06][51][WZ] getData : Item.wz/Cash//0553.img
[2026/03/25 11:14:06][51][WZ] getData : Item.wz/Cash//0557.img
[2026/03/25 11:14:06][51][WZ] getData : Item.wz/Cash//0561.img
[2026/03/25 11:14:06][51][WZ] getData : Item.wz/Cash//0599.img
[2026/03/25 11:14:06][51][WZ] setWzRoot : Item.wz/Consume/
[2026/03/25 11:14:06][51][WZ] getData : Item.wz/Consume//0200.img
[2026/03/25 11:14:06][51][WZ] getData : Item.wz/Consume//0201.img
[2026/03/25 11:14:06][51][WZ] getData : Item.wz/Consume//0202.img
[2026/03/25 11:14:06][51][WZ] getData : Item.wz/Consume//0203.img
[2026/03/25 11:14:06][51][WZ] getData : Item.wz/Consume//0204.img
[2026/03/25 11:14:06][51][WZ] getData : Item.wz/Consume//0205.img
[2026/03/25 11:14:06][51][WZ] getData : Item.wz/Consume//0206.img
[2026/03/25 11:14:06][51][WZ] getData : Item.wz/Consume//0207.img
[2026/03/25 11:14:06][51][WZ] getData : Item.wz/Consume//0210.img
[2026/03/25 11:14:06][51][WZ] getData : Item.wz/Consume//0212.img
[2026/03/25 11:14:06][51][WZ] getData : Item.wz/Consume//0216.img
[2026/03/25 11:14:06][51][WZ] getData : Item.wz/Consume//0219.img
[2026/03/25 11:14:06][51][WZ] getData : Item.wz/Consume//0221.img
[2026/03/25 11:14:06][51][WZ] getData : Item.wz/Consume//0224.img
[2026/03/25 11:14:06][51][WZ] getData : Item.wz/Consume//0226.img
[2026/03/25 11:14:06][51][WZ] getData : Item.wz/Consume//0227.img
[2026/03/25 11:14:06][51][WZ] getData : Item.wz/Consume//0228.img
[2026/03/25 11:14:06][51][WZ] getData : Item.wz/Consume//0229.img
[2026/03/25 11:14:06][51][WZ] getData : Item.wz/Consume//0231.img
[2026/03/25 11:14:06][51][WZ] getData : Item.wz/Consume//0232.img
[2026/03/25 11:14:06][51][WZ] getData : Item.wz/Consume//0233.img
[2026/03/25 11:14:06][51][WZ] getData : Item.wz/Consume//0234.img
[2026/03/25 11:14:06][51][WZ] getData : Item.wz/Consume//0236.img
[2026/03/25 11:14:06][51][WZ] getData : Item.wz/Consume//0238.img
[2026/03/25 11:14:06][51][WZ] getData : Item.wz/Consume//0243.img
[2026/03/25 11:14:06][51][WZ] setWzRoot : Item.wz/Etc/
[2026/03/25 11:14:06][51][WZ] getData : Item.wz/Etc//0400.img
[2026/03/25 11:14:06][51][WZ] getData : Item.wz/Etc//0401.img
[2026/03/25 11:14:06][51][WZ] getData : Item.wz/Etc//0402.img
[2026/03/25 11:14:06][51][WZ] getData : Item.wz/Etc//0403.img
[2026/03/25 11:14:06][51][WZ] getData : Item.wz/Etc//0405.img
[2026/03/25 11:14:06][51][WZ] getData : Item.wz/Etc//0408.img
[2026/03/25 11:14:06][51][WZ] getData : Item.wz/Etc//0413.img
[2026/03/25 11:14:06][51][WZ] getData : Item.wz/Etc//0414.img
[2026/03/25 11:14:06][51][WZ] getData : Item.wz/Etc//0416.img
[2026/03/25 11:14:06][51][WZ] getData : Item.wz/Etc//0417.img
[2026/03/25 11:14:06][51][WZ] getData : Item.wz/Etc//0421.img
[2026/03/25 11:14:06][51][WZ] getData : Item.wz/Etc//0422.img
[2026/03/25 11:14:06][51][WZ] getData : Item.wz/Etc//0425.img
[2026/03/25 11:14:06][51][WZ] getData : Item.wz/Etc//0426.img
[2026/03/25 11:14:06][51][WZ] getData : Item.wz/Etc//0430.img
[2026/03/25 11:14:06][51][WZ] setWzRoot : Item.wz/Install/
[2026/03/25 11:14:06][51][WZ] getData : Item.wz/Install//0301.img
[2026/03/25 11:14:06][51][WZ] getData : Item.wz/Install//0399.img
[2026/03/25 11:14:06][51][WZ] setWzRoot : Character.wz/
[2026/03/25 11:14:07][51][WZ] setWzRoot : Item.wz/Pet/
[2026/03/25 11:14:07][51][DEBUG] LoadItemXMLs: 487 (ms)
[2026/03/25 11:14:07][51][WZ] setWzRoot : Skill.wz
[2026/03/25 11:14:07][51][WZ] getData : Skill.wz/000.img
[2026/03/25 11:14:07][51][WZ] getData : String.wz/Skill.img
[2026/03/25 11:14:07][51][WZ] getData : Skill.wz/100.img
[2026/03/25 11:14:07][51][WZ] getData : Skill.wz/110.img
[2026/03/25 11:14:07][51][WZ] getData : Skill.wz/111.img
[2026/03/25 11:14:07][51][WZ] getData : Skill.wz/112.img
[2026/03/25 11:14:07][51][WZ] getData : Skill.wz/120.img
[2026/03/25 11:14:07][51][WZ] getData : Skill.wz/121.img
[2026/03/25 11:14:07][51][WZ] getData : Skill.wz/122.img
[2026/03/25 11:14:07][51][WZ] getData : Skill.wz/130.img
[2026/03/25 11:14:07][51][WZ] getData : Skill.wz/131.img
[2026/03/25 11:14:07][51][WZ] getData : Skill.wz/132.img
[2026/03/25 11:14:07][51][WZ] getData : Skill.wz/200.img
[2026/03/25 11:14:07][51][WZ] getData : Skill.wz/210.img
[2026/03/25 11:14:07][51][WZ] getData : Skill.wz/211.img
[2026/03/25 11:14:07][51][WZ] getData : Skill.wz/212.img
[2026/03/25 11:14:07][51][WZ] getData : Skill.wz/220.img
[2026/03/25 11:14:07][51][WZ] getData : Skill.wz/221.img
[2026/03/25 11:14:07][51][WZ] getData : Skill.wz/222.img
[2026/03/25 11:14:07][51][WZ] getData : Skill.wz/230.img
[2026/03/25 11:14:07][51][WZ] getData : Skill.wz/231.img
[2026/03/25 11:14:07][51][WZ] getData : Skill.wz/232.img
[2026/03/25 11:14:07][51][WZ] getData : Skill.wz/300.img
[2026/03/25 11:14:07][51][WZ] getData : Skill.wz/310.img
[2026/03/25 11:14:07][51][WZ] getData : Skill.wz/311.img
[2026/03/25 11:14:07][51][WZ] getData : Skill.wz/312.img
[2026/03/25 11:14:07][51][WZ] getData : Skill.wz/320.img
[2026/03/25 11:14:07][51][WZ] getData : Skill.wz/321.img
[2026/03/25 11:14:07][51][WZ] getData : Skill.wz/322.img
[2026/03/25 11:14:07][51][WZ] getData : Skill.wz/400.img
[2026/03/25 11:14:07][51][WZ] getData : Skill.wz/410.img
[2026/03/25 11:14:07][51][WZ] getData : Skill.wz/411.img
[2026/03/25 11:14:07][51][WZ] getData : Skill.wz/412.img
[2026/03/25 11:14:07][51][WZ] getData : Skill.wz/420.img
[2026/03/25 11:14:07][51][WZ] getData : Skill.wz/421.img
[2026/03/25 11:14:07][51][WZ] getData : Skill.wz/422.img
[2026/03/25 11:14:07][51][WZ] getData : Skill.wz/500.img
[2026/03/25 11:14:07][51][WZ] getData : Skill.wz/510.img
[2026/03/25 11:14:07][51][WZ] getData : Skill.wz/511.img
[2026/03/25 11:14:07][51][WZ] getData : Skill.wz/512.img
[2026/03/25 11:14:07][51][WZ] getData : Skill.wz/520.img
[2026/03/25 11:14:07][51][WZ] getData : Skill.wz/521.img
[2026/03/25 11:14:07][51][WZ] getData : Skill.wz/522.img
[2026/03/25 11:14:07][51][WZ] getData : Skill.wz/900.img
[2026/03/25 11:14:07][51][WZ] getData : Skill.wz/910.img
[2026/03/25 11:14:07][51][WZ] setWzRoot : Character.wz
[2026/03/25 11:14:07][51][WZ] getData : Character.wz/Glove/01082149.img
[2026/03/25 11:14:07][51][WZ] getData : Character.wz/Shoes/01072238.img
[2026/03/25 11:14:07][51][WZ] getData : Character.wz/Cape/01102040.img
[2026/03/25 11:14:07][51][WZ] getData : Character.wz/Weapon/01472055.img
[2026/03/25 11:14:07][51][WZ] getData : Character.wz/Cap/01002511.img
[2026/03/25 11:14:07][51][WZ] getData : Character.wz/Accessory/01122000.img
[2026/03/25 11:14:07][51][WZ] getData : Character.wz/Accessory/01132004.img
[2026/03/25 11:14:07][51][WZ] getData : Character.wz/Longcoat/01050127.img
[2026/03/25 11:14:07][51][WZ] getData : Character.wz/Accessory/01032062.img
[2026/03/25 11:14:07][51][WZ] getData : Character.wz/Ring/01112400.img
[2026/03/25 11:14:07][51][WZ] getData : Character.wz/Accessory/01022047.img
[2026/03/25 11:14:07][51][WZ] getData : Character.wz/Accessory/01012056.img
[2026/03/25 11:14:07][51][WZ] getData : Character.wz/TamingMob/01912000.img
[2026/03/25 11:14:07][51][WZ] getData : Character.wz/TamingMob/01902000.img
[2026/03/25 11:14:07][51][DEBUG] LazyDB load : RETURN_MAP_FREEMARKET = 102000000, ""
[2026/03/25 11:14:07][51][DEBUG] LazyDB load : RETURN_MAP_ARDENTMILL = 102000000, ""
[2026/03/25 11:14:08][51][ClientPacket] UNKNOWN @00C4
[2026/03/25 11:14:11][51][WZ] setWzRoot : Item.wz
[2026/03/25 11:14:11][51][WZ] getData : Item.wz/Consume/0207.img
[2026/03/25 11:14:12][51][ClientPacket] UNKNOWN @0032
[2026/03/25 11:14:18][51][ClientPacket] UNKNOWN @0056
[2026/03/25 11:14:28][51][ClientPacket] UNKNOWN @0056
[2026/03/25 11:14:34][65][WZ] getData : Character.wz/Weapon/01482000.img
[2026/03/25 11:14:36][51][WZ] getData : Item.wz/Etc/0400.img
[2026/03/25 11:14:38][51][WZ] getData : Item.wz/Etc/0402.img
[2026/03/25 11:14:38][51][ClientPacket] UNKNOWN @0056
[2026/03/25 11:14:38][51][WZ] getData : Item.wz/Consume/0204.img
[2026/03/25 11:14:48][51][ClientPacket] UNKNOWN @0056
[2026/03/25 11:14:53][51][ClientPacket] UNKNOWN @0032
[2026/03/25 11:14:58][51][ClientPacket] UNKNOWN @0056
[2026/03/25 11:15:07][51][WZ] getData : Item.wz/Etc/0401.img
[2026/03/25 11:15:08][51][ClientPacket] UNKNOWN @0056
[2026/03/25 11:15:14][51][WZ] getData : Item.wz/Etc/0403.img
[2026/03/25 11:15:18][51][ClientPacket] UNKNOWN @0056
[2026/03/25 11:15:28][51][ClientPacket] UNKNOWN @0056
[2026/03/25 11:15:38][51][ClientPacket] UNKNOWN @0056
[2026/03/25 11:15:38][51][WZ] getData : Item.wz/Consume/0200.img
[2026/03/25 11:15:48][51][ClientPacket] UNKNOWN @0056
[2026/03/25 11:15:51][51][WZ] getData : Map.wz/Map/Map1/100000000.img
[2026/03/25 11:15:51][51][WZ] getData : String.wz/Npc.img
[2026/03/25 11:15:51][51][DEBUG] setManual
[2026/03/25 11:15:51][51][DEBUG] commit
[2026/03/25 11:15:51][51][DEBUG] setAuto
[2026/03/25 11:15:52][51][ClientPacket] UNKNOWN @00C4
[2026/03/25 11:15:57][51][ClientPacket] UNKNOWN @00C4
[2026/03/25 11:15:57][51][NETWORK] [Server_Kaede-1][/127.0.0.1:64602] sessionClosed.
[2026/03/25 11:15:57][51][ERROR] [LastSP][Kaede-1][sessionClosed] begin
[2026/03/25 11:15:57][51][ERROR] [LastSP] @00B7 24 87 01 00 2A 00 00 23 00 00 00
[2026/03/25 11:15:57][51][ERROR] [LastSP] @00B7 37 87 01 00 1E 00 00 1E 00 00 00
[2026/03/25 11:15:57][51][ERROR] [LastSP] @00B7 45 87 01 00 14 00 00 2D 00 00 00
[2026/03/25 11:15:57][51][ERROR] [LastSP] @00B3 A1 86 01 00 01 54 F0 10 00 00 00 00 00 E0 00 CB FD 04 4E 00 3E 00 FF FF 00 00 00 00
[2026/03/25 11:15:57][51][ERROR] [LastSP] @00D0 02 60 87 01 00 00 03 09 3D 00 05 00 00 00 00 01 01 CB FD 00 00 00 00 FF FF FF FF FF FF FF FF 01 00
[2026/03/25 11:15:57][51][ERROR] [LastSP] @00D0 02 61 87 01 00 01 0F 00 00 00 05 00 00 00 00 F5 00 CB FD 00 00 00 00 01 00
[2026/03/25 11:15:57][51][ERROR] [LastSP] @00B7 6F 87 01 00 09 00 00 2D 00 00 00
[2026/03/25 11:15:57][51][ERROR] [LastSP] @00B7 21 87 01 00 29 00 00 19 00 00 00
[2026/03/25 11:15:57][51][ERROR] [LastSP] @00B7 26 87 01 00 29 00 00 1E 00 00 00
[2026/03/25 11:15:57][51][ERROR] [LastSP] @0044 06 41 00 6D 61 70 43 68 61 6E 67 65 50 6F 72 74 61 6C 20 3A 20 6D 61 70 20 3D 20 31 30 34 30 34 30 30 30 30 2C 20 70 6F 72 74 61 6C 20 3D 20 22 65 61 73 74 30 30 22 20 2D 3E 20 31 30 30 30 30 30 30 30 30 00 00 00 00
[2026/03/25 11:15:57][51][ERROR] [LastSP] @005F 00 00 00 00 03 00 00 00 00 E1 F5 05 13 36 20 00 80 65 4D 5B 40 BC DC 01
[2026/03/25 11:15:57][51][ERROR] [LastSP] @00C5 A1 86 01 00 20 71 0F 00 84 01 0E 01 01 97 00 52 01 B6 01 01
[2026/03/25 11:15:57][51][ERROR] [LastSP] @00C5 AA 86 01 00 94 88 8C 00 7B 03 0D 01 01 92 00 49 03 AD 03 01
[2026/03/25 11:15:57][51][ERROR] [LastSP] @00C5 AF 86 01 00 98 88 8C 00 B9 03 5A 00 01 EF 00 87 03 EB 03 01
[2026/03/25 11:15:57][51][ERROR] [LastSP] @00C5 B0 86 01 00 53 54 89 00 6B 00 1C 00 01 23 01 48 00 9D 00 01
[2026/03/25 11:15:57][51][ERROR] [LastSP] @007A 05 00 00 00 06 00 31 32 33 33 32 31 00 00 00 00 00 00 00 00 00 00 00 00 00 00 00 00 00 03 20 4E 00 00 00 47 75 00 00 08 25 83 10 00 07 6E 5C 10 00 09 D8 D0 10 00 0B 37 76 16 00 01 0F 4C 0F 00 11 D0 1E 11 00 16 E4 45 11 00 05 0F 06 10 00 04 7E BF 0F 00 0C 50 F9 10 00 03 5F 98 0F 00 02 58 71 0F 00 13 C0 2C 1D 00 12 B0 05 1D 00 FF FF 00 00 00 00 00 00 00 00 00 00 00 00 00 00 00 00 00 00 00 00 24 FE 13 01 00 00 00 00 01 00 00 00 00 00 00 00 00 00 00 00 00 00 00 00 00 00 00 00 00 00
[2026/03/25 11:15:57][51][ERROR] [LastSP] @00C5 AD 86 01 00 92 88 8C 00 68 04 E2 FF 01 EA 00 36 04 9A 04 01
[2026/03/25 11:15:57][51][ERROR] [LastSP] @00C5 B1 86 01 00 69 65 8C 00 6F 04 83 00 01 F3 00 3D 04 A1 04 01
[2026/03/25 11:15:57][51][ERROR] [LastSP] @001B 01 00 10 00 00 E5 10
[2026/03/25 11:15:57][51][ERROR] [LastSP] @001B 00 00 10 00 00 E5 10
[2026/03/25 11:15:57][51][ERROR] [LastSP][Kaede-1][sessionClosed] end
[2026/03/25 11:15:57][51][DEBUG] setManual
[2026/03/25 11:15:57][51][DEBUG] commit
[2026/03/25 11:15:57][51][DEBUG] setAuto
[2026/03/25 11:15:57][51][DEBUG] findMigratingPlayer : NG.
