Session = 20260325_103427
Version = BMS 24.0
XML Path = wz_xml\xml_BMS_v24\
script Path = scripts\scripts_BMS\
DatabaseName Path = BMS_v24
Console Log = C:\Users\andre\Dropbox\games\ms_server\bms_v024\JMSv186\logs\Server_BMS_24_0_20260325_103427.log
**********************
Windows PowerShell transcript start
Start time: 20260325103427
Username: ANDRENOGRIB\andre
RunAs User: ANDRENOGRIB\andre
Configuration Name: 
Machine: ANDRENOGRIB (Microsoft Windows NT 10.0.26200.0)
Host Application: powershell -NoLogo -NoProfile -ExecutionPolicy Bypass -Command $ProgressPreference = 'SilentlyContinue';  $PSNativeCommandUseErrorActionPreference = $false;  $javaArgs = @( '-server', '-cp', $env:RUN_CP, ('-Driresaba.path.wz=' + $env:WZ_XML_PATH), ('-Driresaba.path.script=' + $env:SCRIPT_PATH), ('-Dtacos.log.dir=' + $env:LOG_DIR), ('-Dtacos.log.session=' + $env:LOG_SESSION), '-Djavax.net.ssl.keyStore=filename.keystore', '-Djavax.net.ssl.keyStorePassword=passwd', '-Djavax.net.ssl.trustStore=filename.keystore', '-Djavax.net.ssl.trustStorePassword=passwd', 'tacos.Start', $env:MS_REGION_NAME, $env:MS_VERSION, $env:MS_SUBVERSION );  Start-Transcript -Path $env:SERVER_CONSOLE_LOG -Append | Out-Null;  & $env:JAVA_EXE -version;  & $env:JAVA_EXE @javaArgs;  $exitCode = $LASTEXITCODE;  Stop-Transcript | Out-Null;  exit $exitCode
Process ID: 89208
PSVersion: 5.1.26100.7920
PSEdition: Desktop
PSCompatibleVersions: 1.0, 2.0, 3.0, 4.0, 5.0, 5.1.26100.7920
BuildVersion: 10.0.26100.7920
CLRVersion: 4.0.30319.42000
WSManStackVersion: 3.0
PSRemotingProtocolVersion: 2.3
SerializationVersion: 1.1.0.1
**********************
java version "25.0.2" 2026-01-20 LTS
Java(TM) SE Runtime Environment (build 25.0.2+10-LTS-69)
Java HotSpot(TM) 64-Bit Server VM (build 25.0.2+10-LTS-69, mixed mode, sharing)
