Session = 20260325_120843
Version = BMS 24.0
XML Path = wz_xml\xml_BMS_v24\
script Path = scripts\scripts_BMS\
DatabaseName Path = BMS_v24
Console Log = C:\Users\andre\Dropbox\games\ms_server\bms_v024\JMSv186\logs\Server_BMS_24_0_20260325_120843.log
java version "25.0.2" 2026-01-20 LTS
Java(TM) SE Runtime Environment (build 25.0.2+10-LTS-69)
Java HotSpot(TM) 64-Bit Server VM (build 25.0.2+10-LTS-69, mixed mode, sharing)
[2026/03/25 12:08:44][3][SETUP] VERSION
[2026/03/25 12:08:44][3][INFO] BMS v24.0
[2026/03/25 12:08:44][3][SETUP] DEV_LOG
[2026/03/25 12:08:44][3][SETUP] FLAG_CONTENT
[2026/03/25 12:08:44][3][SETUP] FLAG_CLIENT_EDIT
[2026/03/25 12:08:44][3][SETUP] EXP_TABLE
[2026/03/25 12:08:44][3][SETUP] PACKET_OPS
[2026/03/25 12:08:44][3][SETUP] PROPERTIES
[2026/03/25 12:08:44][3][SETUP] CODEPAGE
[2026/03/25 12:08:44][3][INFO] bind = 127.0.0.1:8484 (Login)
[2026/03/25 12:08:44][3][INFO] bind = 127.0.0.1:8100 (Kaede-1)
[2026/03/25 12:08:44][3][INFO] bind = 127.0.0.1:8101 (Kaede-2)
[2026/03/25 12:08:44][3][INFO] bind = 127.0.0.1:8596 (CashShop)
[2026/03/25 12:08:44][3][INFO] bind = 127.0.0.1:8597 (ITC)
[2026/03/25 12:08:44][3][SETUP] DONE!
[2026/03/25 12:09:06][51][ClientPacket] UNKNOWN @0016
[2026/03/25 12:09:09][51][INFO] [LOGIN MAPLEID] "123123"
[2026/03/25 12:09:09][51][ClientPacket] UNKNOWN @0004
[2026/03/25 12:09:12][51][DEBUG] setSelectedWorld : 0
[2026/03/25 12:09:12][51][DEBUG] setSelectedChannel : 0
[2026/03/25 12:09:12][51][WZ] setWzRoot : Character.wz
[2026/03/25 12:09:12][51][WZ] setWzRoot : Character.wz/Face
[2026/03/25 12:09:12][51][WZ] setWzRoot : Character.wz/Hair
[2026/03/25 12:09:12][51][WZ] setWzRoot : Skill.wz
[2026/03/25 12:09:13][51][DEBUG] findMigratingPlayer : NG.
[2026/03/25 12:09:14][51][WZ] setWzRoot : Map.wz
[2026/03/25 12:09:14][51][WZ] getData : Map.wz/Map/Map1/104040000.img
[2026/03/25 12:09:14][51][WZ] setWzRoot : Mob.wz
[2026/03/25 12:09:14][51][WZ] getData : Mob.wz/0100101.img
[2026/03/25 12:09:14][51][WZ] setWzRoot : String.wz
[2026/03/25 12:09:14][51][WZ] getData : String.wz/Mob.img
[2026/03/25 12:09:14][51][WZ] getData : Mob.wz/0130101.img
[2026/03/25 12:09:14][51][WZ] getData : Mob.wz/0210100.img
[2026/03/25 12:09:14][51][WZ] getData : Mob.wz/1210102.img
[2026/03/25 12:09:14][51][WZ] getData : Mob.wz/1110100.img
[2026/03/25 12:09:14][51][WZ] getData : Mob.wz/0130100.img
[2026/03/25 12:09:14][51][WZ] getData : Mob.wz/0120100.img
[2026/03/25 12:09:14][51][WZ] getData : String.wz/Map.img
[2026/03/25 12:09:14][51][WZ] setWzRoot : Item.wz/Cash/
[2026/03/25 12:09:14][51][WZ] getData : Item.wz/Cash//0501.img
[2026/03/25 12:09:14][51][WZ] getData : Item.wz/Cash//0502.img
[2026/03/25 12:09:14][51][WZ] getData : Item.wz/Cash//0503.img
[2026/03/25 12:09:14][51][WZ] getData : Item.wz/Cash//0504.img
[2026/03/25 12:09:14][51][WZ] getData : Item.wz/Cash//0505.img
[2026/03/25 12:09:14][51][WZ] getData : Item.wz/Cash//0506.img
[2026/03/25 12:09:14][51][WZ] getData : Item.wz/Cash//0507.img
[2026/03/25 12:09:14][51][WZ] getData : Item.wz/Cash//0508.img
[2026/03/25 12:09:14][51][WZ] getData : Item.wz/Cash//0509.img
[2026/03/25 12:09:14][51][WZ] getData : Item.wz/Cash//0510.img
[2026/03/25 12:09:14][51][WZ] getData : Item.wz/Cash//0511.img
[2026/03/25 12:09:14][51][WZ] getData : Item.wz/Cash//0512.img
[2026/03/25 12:09:14][51][WZ] getData : Item.wz/Cash//0513.img
[2026/03/25 12:09:14][51][WZ] getData : Item.wz/Cash//0514.img
[2026/03/25 12:09:14][51][WZ] getData : Item.wz/Cash//0515.img
[2026/03/25 12:09:14][51][WZ] getData : Item.wz/Cash//0516.img
[2026/03/25 12:09:14][51][WZ] getData : Item.wz/Cash//0517.img
[2026/03/25 12:09:14][51][WZ] getData : Item.wz/Cash//0518.img
[2026/03/25 12:09:14][51][WZ] getData : Item.wz/Cash//0519.img
[2026/03/25 12:09:14][51][WZ] getData : Item.wz/Cash//0520.img
[2026/03/25 12:09:14][51][WZ] getData : Item.wz/Cash//0521.img
[2026/03/25 12:09:14][51][WZ] getData : Item.wz/Cash//0522.img
[2026/03/25 12:09:14][51][WZ] getData : Item.wz/Cash//0523.img
[2026/03/25 12:09:14][51][WZ] getData : Item.wz/Cash//0524.img
[2026/03/25 12:09:14][51][WZ] getData : Item.wz/Cash//0525.img
[2026/03/25 12:09:14][51][WZ] getData : Item.wz/Cash//0528.img
[2026/03/25 12:09:14][51][WZ] getData : Item.wz/Cash//0529.img
[2026/03/25 12:09:14][51][WZ] getData : Item.wz/Cash//0530.img
[2026/03/25 12:09:14][51][WZ] getData : Item.wz/Cash//0531.img
[2026/03/25 12:09:14][51][WZ] getData : Item.wz/Cash//0532.img
[2026/03/25 12:09:14][51][WZ] getData : Item.wz/Cash//0533.img
[2026/03/25 12:09:14][51][WZ] getData : Item.wz/Cash//0536.img
[2026/03/25 12:09:14][51][WZ] getData : Item.wz/Cash//0537.img
[2026/03/25 12:09:14][51][WZ] getData : Item.wz/Cash//0538.img
[2026/03/25 12:09:14][51][WZ] getData : Item.wz/Cash//0539.img
[2026/03/25 12:09:14][51][WZ] getData : Item.wz/Cash//0540.img
[2026/03/25 12:09:14][51][WZ] getData : Item.wz/Cash//0542.img
[2026/03/25 12:09:14][51][WZ] getData : Item.wz/Cash//0543.img
[2026/03/25 12:09:14][51][WZ] getData : Item.wz/Cash//0545.img
[2026/03/25 12:09:14][51][WZ] getData : Item.wz/Cash//0546.img
[2026/03/25 12:09:14][51][WZ] getData : Item.wz/Cash//0547.img
[2026/03/25 12:09:14][51][WZ] getData : Item.wz/Cash//0551.img
[2026/03/25 12:09:14][51][WZ] getData : Item.wz/Cash//0552.img
[2026/03/25 12:09:14][51][WZ] getData : Item.wz/Cash//0553.img
[2026/03/25 12:09:14][51][WZ] getData : Item.wz/Cash//0557.img
[2026/03/25 12:09:14][51][WZ] getData : Item.wz/Cash//0561.img
[2026/03/25 12:09:14][51][WZ] getData : Item.wz/Cash//0599.img
[2026/03/25 12:09:14][51][WZ] setWzRoot : Item.wz/Consume/
[2026/03/25 12:09:14][51][WZ] getData : Item.wz/Consume//0200.img
[2026/03/25 12:09:14][51][WZ] getData : Item.wz/Consume//0201.img
[2026/03/25 12:09:14][51][WZ] getData : Item.wz/Consume//0202.img
[2026/03/25 12:09:14][51][WZ] getData : Item.wz/Consume//0203.img
[2026/03/25 12:09:14][51][WZ] getData : Item.wz/Consume//0204.img
[2026/03/25 12:09:14][51][WZ] getData : Item.wz/Consume//0205.img
[2026/03/25 12:09:14][51][WZ] getData : Item.wz/Consume//0206.img
[2026/03/25 12:09:14][51][WZ] getData : Item.wz/Consume//0207.img
[2026/03/25 12:09:14][51][WZ] getData : Item.wz/Consume//0210.img
[2026/03/25 12:09:14][51][WZ] getData : Item.wz/Consume//0212.img
[2026/03/25 12:09:14][51][WZ] getData : Item.wz/Consume//0216.img
[2026/03/25 12:09:14][51][WZ] getData : Item.wz/Consume//0219.img
[2026/03/25 12:09:14][51][WZ] getData : Item.wz/Consume//0221.img
[2026/03/25 12:09:14][51][WZ] getData : Item.wz/Consume//0224.img
[2026/03/25 12:09:14][51][WZ] getData : Item.wz/Consume//0226.img
[2026/03/25 12:09:14][51][WZ] getData : Item.wz/Consume//0227.img
[2026/03/25 12:09:14][51][WZ] getData : Item.wz/Consume//0228.img
[2026/03/25 12:09:14][51][WZ] getData : Item.wz/Consume//0229.img
[2026/03/25 12:09:14][51][WZ] getData : Item.wz/Consume//0231.img
[2026/03/25 12:09:14][51][WZ] getData : Item.wz/Consume//0232.img
[2026/03/25 12:09:14][51][WZ] getData : Item.wz/Consume//0233.img
[2026/03/25 12:09:14][51][WZ] getData : Item.wz/Consume//0234.img
[2026/03/25 12:09:14][51][WZ] getData : Item.wz/Consume//0236.img
[2026/03/25 12:09:14][51][WZ] getData : Item.wz/Consume//0238.img
[2026/03/25 12:09:14][51][WZ] getData : Item.wz/Consume//0243.img
[2026/03/25 12:09:14][51][WZ] setWzRoot : Item.wz/Etc/
[2026/03/25 12:09:14][51][WZ] getData : Item.wz/Etc//0400.img
[2026/03/25 12:09:14][51][WZ] getData : Item.wz/Etc//0401.img
[2026/03/25 12:09:14][51][WZ] getData : Item.wz/Etc//0402.img
[2026/03/25 12:09:14][51][WZ] getData : Item.wz/Etc//0403.img
[2026/03/25 12:09:14][51][WZ] getData : Item.wz/Etc//0405.img
[2026/03/25 12:09:14][51][WZ] getData : Item.wz/Etc//0408.img
[2026/03/25 12:09:14][51][WZ] getData : Item.wz/Etc//0413.img
[2026/03/25 12:09:14][51][WZ] getData : Item.wz/Etc//0414.img
[2026/03/25 12:09:14][51][WZ] getData : Item.wz/Etc//0416.img
[2026/03/25 12:09:14][51][WZ] getData : Item.wz/Etc//0417.img
[2026/03/25 12:09:14][51][WZ] getData : Item.wz/Etc//0421.img
[2026/03/25 12:09:14][51][WZ] getData : Item.wz/Etc//0422.img
[2026/03/25 12:09:14][51][WZ] getData : Item.wz/Etc//0425.img
[2026/03/25 12:09:14][51][WZ] getData : Item.wz/Etc//0426.img
[2026/03/25 12:09:14][51][WZ] getData : Item.wz/Etc//0430.img
[2026/03/25 12:09:14][51][WZ] setWzRoot : Item.wz/Install/
[2026/03/25 12:09:14][51][WZ] getData : Item.wz/Install//0301.img
[2026/03/25 12:09:14][51][WZ] getData : Item.wz/Install//0399.img
[2026/03/25 12:09:14][51][WZ] setWzRoot : Character.wz/
[2026/03/25 12:09:14][51][WZ] setWzRoot : Item.wz/Pet/
[2026/03/25 12:09:14][51][DEBUG] LoadItemXMLs: 499 (ms)
[2026/03/25 12:09:14][51][WZ] setWzRoot : Skill.wz
[2026/03/25 12:09:14][51][WZ] getData : Skill.wz/000.img
[2026/03/25 12:09:14][51][WZ] getData : String.wz/Skill.img
[2026/03/25 12:09:14][51][WZ] getData : Skill.wz/100.img
[2026/03/25 12:09:14][51][WZ] getData : Skill.wz/110.img
[2026/03/25 12:09:14][51][WZ] getData : Skill.wz/111.img
[2026/03/25 12:09:14][51][WZ] getData : Skill.wz/112.img
[2026/03/25 12:09:14][51][WZ] getData : Skill.wz/120.img
[2026/03/25 12:09:14][51][WZ] getData : Skill.wz/121.img
[2026/03/25 12:09:15][51][WZ] getData : Skill.wz/122.img
[2026/03/25 12:09:15][51][WZ] getData : Skill.wz/130.img
[2026/03/25 12:09:15][51][WZ] getData : Skill.wz/131.img
[2026/03/25 12:09:15][51][WZ] getData : Skill.wz/132.img
[2026/03/25 12:09:15][51][WZ] getData : Skill.wz/200.img
[2026/03/25 12:09:15][51][WZ] getData : Skill.wz/210.img
[2026/03/25 12:09:15][51][WZ] getData : Skill.wz/211.img
[2026/03/25 12:09:15][51][WZ] getData : Skill.wz/212.img
[2026/03/25 12:09:15][51][WZ] getData : Skill.wz/220.img
[2026/03/25 12:09:15][51][WZ] getData : Skill.wz/221.img
[2026/03/25 12:09:15][51][WZ] getData : Skill.wz/222.img
[2026/03/25 12:09:15][51][WZ] getData : Skill.wz/230.img
[2026/03/25 12:09:15][51][WZ] getData : Skill.wz/231.img
[2026/03/25 12:09:15][51][WZ] getData : Skill.wz/232.img
[2026/03/25 12:09:15][51][WZ] getData : Skill.wz/300.img
[2026/03/25 12:09:15][51][WZ] getData : Skill.wz/310.img
[2026/03/25 12:09:15][51][WZ] getData : Skill.wz/311.img
[2026/03/25 12:09:15][51][WZ] getData : Skill.wz/312.img
[2026/03/25 12:09:15][51][WZ] getData : Skill.wz/320.img
[2026/03/25 12:09:15][51][WZ] getData : Skill.wz/321.img
[2026/03/25 12:09:15][51][WZ] getData : Skill.wz/322.img
[2026/03/25 12:09:15][51][WZ] getData : Skill.wz/400.img
[2026/03/25 12:09:15][51][WZ] getData : Skill.wz/410.img
[2026/03/25 12:09:15][51][WZ] getData : Skill.wz/411.img
[2026/03/25 12:09:15][51][WZ] getData : Skill.wz/412.img
[2026/03/25 12:09:15][51][WZ] getData : Skill.wz/420.img
[2026/03/25 12:09:15][51][WZ] getData : Skill.wz/421.img
[2026/03/25 12:09:15][51][WZ] getData : Skill.wz/422.img
[2026/03/25 12:09:15][51][WZ] getData : Skill.wz/500.img
[2026/03/25 12:09:15][51][WZ] getData : Skill.wz/510.img
[2026/03/25 12:09:15][51][WZ] getData : Skill.wz/511.img
[2026/03/25 12:09:15][51][WZ] getData : Skill.wz/512.img
[2026/03/25 12:09:15][51][WZ] getData : Skill.wz/520.img
[2026/03/25 12:09:15][51][WZ] getData : Skill.wz/521.img
[2026/03/25 12:09:15][51][WZ] getData : Skill.wz/522.img
[2026/03/25 12:09:15][51][WZ] getData : Skill.wz/900.img
[2026/03/25 12:09:15][51][WZ] getData : Skill.wz/910.img
[2026/03/25 12:09:15][51][WZ] setWzRoot : Character.wz
[2026/03/25 12:09:15][51][WZ] getData : Character.wz/Glove/01082149.img
[2026/03/25 12:09:15][51][WZ] getData : Character.wz/Shoes/01072238.img
[2026/03/25 12:09:15][51][WZ] getData : Character.wz/Cape/01102040.img
[2026/03/25 12:09:15][51][WZ] getData : Character.wz/Weapon/01472055.img
[2026/03/25 12:09:15][51][WZ] getData : Character.wz/Cap/01002511.img
[2026/03/25 12:09:15][51][WZ] getData : Character.wz/Accessory/01122000.img
[2026/03/25 12:09:15][51][WZ] getData : Character.wz/Accessory/01132004.img
[2026/03/25 12:09:15][51][WZ] getData : Character.wz/Longcoat/01050127.img
[2026/03/25 12:09:15][51][WZ] getData : Character.wz/Accessory/01032062.img
[2026/03/25 12:09:15][51][WZ] getData : Character.wz/Ring/01112400.img
[2026/03/25 12:09:15][51][WZ] getData : Character.wz/Accessory/01022047.img
[2026/03/25 12:09:15][51][WZ] getData : Character.wz/Accessory/01012056.img
[2026/03/25 12:09:15][51][WZ] getData : Character.wz/TamingMob/01912000.img
[2026/03/25 12:09:15][51][WZ] getData : Character.wz/TamingMob/01902000.img
[2026/03/25 12:09:15][51][DEBUG] LazyDB load : RETURN_MAP_FREEMARKET = 102000000, ""
[2026/03/25 12:09:15][51][DEBUG] LazyDB load : RETURN_MAP_ARDENTMILL = 102000000, ""
[2026/03/25 12:09:16][51][ClientPacket] UNKNOWN @00C4
[2026/03/25 12:09:25][51][WZ] setWzRoot : Item.wz
[2026/03/25 12:09:25][51][WZ] getData : Item.wz/Consume/0200.img
[2026/03/25 12:09:26][51][ClientPacket] UNKNOWN @0056
[2026/03/25 12:09:28][51][WZ] getData : Item.wz/Consume/0207.img
[2026/03/25 12:09:38][51][ClientPacket] UNKNOWN @0056
[2026/03/25 12:09:41][51][NETWORK] [Server_Kaede-1][/127.0.0.1:61001] sessionClosed.
[2026/03/25 12:09:41][51][ERROR] [LastSP][Kaede-1][sessionClosed] begin
[2026/03/25 12:09:41][51][ERROR] [LastSP] @00B7 E8 86 01 00 01 00 00 23 00 00 00
[2026/03/25 12:09:41][51][ERROR] [LastSP] @00B7 E9 86 01 00 01 00 00 1E 00 00 00
[2026/03/25 12:09:41][51][ERROR] [LastSP] @00B7 EA 86 01 00 01 00 00 0F 00 00 00
[2026/03/25 12:09:41][51][ERROR] [LastSP] @00B7 EB 86 01 00 01 00 00 1E 00 00 00
[2026/03/25 12:09:41][51][ERROR] [LastSP] @00B7 EC 86 01 00 01 00 00 23 00 00 00
[2026/03/25 12:09:41][51][ERROR] [LastSP] @00B7 ED 86 01 00 01 00 00 2D 00 00 00
[2026/03/25 12:09:41][51][ERROR] [LastSP] @00B7 EE 86 01 00 01 00 00 0F 00 00 00
[2026/03/25 12:09:41][51][ERROR] [LastSP] @00B7 EF 86 01 00 01 00 00 19 00 00 00
[2026/03/25 12:09:41][51][ERROR] [LastSP] @00B7 C1 86 01 00 19 00 00 2D 00 00 00
[2026/03/25 12:09:41][51][ERROR] [LastSP] @00D0 01 F0 86 01 00 00 11 30 3D 00 05 00 00 00 00 0B 02 AB FF 05 87 01 00 FF 01 AB FF 00 00 FF FF FF FF FF FF FF FF 01 00
[2026/03/25 12:09:41][51][ERROR] [LastSP] @00D0 01 F1 86 01 00 01 0B 00 00 00 05 00 00 00 00 FF 01 AB FF 05 87 01 00 FF 01 AB FF 00 00 01 00
[2026/03/25 12:09:41][51][ERROR] [LastSP] @00D0 01 F2 86 01 00 00 00 09 3D 00 05 00 00 00 00 24 02 AB FF 05 87 01 00 FF 01 AB FF 00 00 FF FF FF FF FF FF FF FF 01 00
[2026/03/25 12:09:41][51][ERROR] [LastSP] @00B7 C9 86 01 00 0C 00 00 0F 00 00 00
[2026/03/25 12:09:41][51][ERROR] [LastSP] @00D0 01 F3 86 01 00 01 0E 00 00 00 05 00 00 00 00 37 02 AB FF B4 34 03 00 2B 02 AB FF 00 00 01 00
[2026/03/25 12:09:41][51][ERROR] [LastSP] @00D0 01 F4 86 01 00 00 DB 20 1F 00 05 00 00 00 00 2B 02 AB FF B4 34 03 00 2B 02 AB FF 00 00 FF FF FF FF FF FF FF FF 01 00
[2026/03/25 12:09:41][51][ERROR] [LastSP] @00D0 01 F5 86 01 00 00 0A 09 3D 00 05 00 00 00 00 50 02 AB FF B4 34 03 00 2B 02 AB FF 00 00 FF FF FF FF FF FF FF FF 01 00
[2026/03/25 12:09:41][51][ERROR] [LastSP] @00D0 01 F6 86 01 00 00 25 57 3D 00 05 00 00 00 00 12 02 AB FF B4 34 03 00 2B 02 AB FF 00 00 FF FF FF FF FF FF FF FF 01 00
[2026/03/25 12:09:41][51][ERROR] [LastSP] @00D0 01 F8 86 01 00 00 E0 6E 1F 00 05 00 00 00 00 F9 01 AB FF B4 34 03 00 2B 02 AB FF 00 00 FF FF FF FF FF FF FF FF 01 00
[2026/03/25 12:09:41][51][ERROR] [LastSP] @00D0 01 F7 86 01 00 00 15 30 3D 00 05 00 00 00 00 69 02 AB FF B4 34 03 00 2B 02 AB FF 00 00 FF FF FF FF FF FF FF FF 01 00
[2026/03/25 12:09:41][51][ERROR] [LastSP] @00D0 01 F9 86 01 00 00 04 09 3D 00 05 00 00 00 00 82 02 AB FF B4 34 03 00 2B 02 AB FF 00 00 FF FF FF FF FF FF FF FF 01 00
[2026/03/25 12:09:41][51][ERROR] [LastSP][Kaede-1][sessionClosed] end
[2026/03/25 12:09:41][51][DEBUG] setManual
[2026/03/25 12:09:41][51][DEBUG] commit
[2026/03/25 12:09:41][51][DEBUG] setAuto
[2026/03/25 12:09:41][51][DEBUG] findMigratingPlayer : NG.
[2026/03/25 12:09:42][51][ClientPacket] UNKNOWN @00C4
[2026/03/25 12:09:43][51][ClientPacket] UNKNOWN @0016
[2026/03/25 12:09:47][51][NETWORK] [Server_Login][/127.0.0.1:49261] sessionClosed.
