Session = 20260325_123832
Version = BMS 24.0
XML Path = wz_xml\xml_BMS_v24\
script Path = scripts\scripts_BMS\
DatabaseName Path = BMS_v24
Console Log = C:\Users\andre\Dropbox\games\ms_server\bms_v024\JMSv186\logs\Server_BMS_24_0_20260325_123832.log
java version "25.0.2" 2026-01-20 LTS
Java(TM) SE Runtime Environment (build 25.0.2+10-LTS-69)
Java HotSpot(TM) 64-Bit Server VM (build 25.0.2+10-LTS-69, mixed mode, sharing)
[2026/03/25 12:38:33][3][SETUP] VERSION
[2026/03/25 12:38:33][3][INFO] BMS v24.0
[2026/03/25 12:38:33][3][SETUP] DEV_LOG
[2026/03/25 12:38:33][3][SETUP] FLAG_CONTENT
[2026/03/25 12:38:33][3][SETUP] FLAG_CLIENT_EDIT
[2026/03/25 12:38:33][3][SETUP] EXP_TABLE
[2026/03/25 12:38:33][3][SETUP] PACKET_OPS
[2026/03/25 12:38:33][3][SETUP] PROPERTIES
[2026/03/25 12:38:33][3][SETUP] CODEPAGE
[2026/03/25 12:38:33][3][INFO] bind = 127.0.0.1:8484 (Login)
[2026/03/25 12:38:33][3][INFO] bind = 127.0.0.1:8100 (Kaede-1)
[2026/03/25 12:38:33][3][INFO] bind = 127.0.0.1:8101 (Kaede-2)
[2026/03/25 12:38:33][3][INFO] bind = 127.0.0.1:8596 (CashShop)
[2026/03/25 12:38:33][3][INFO] bind = 127.0.0.1:8597 (ITC)
[2026/03/25 12:38:33][3][SETUP] DONE!
[2026/03/25 12:38:42][49][ClientPacket] UNKNOWN @0016
[2026/03/25 12:38:45][49][INFO] [LOGIN MAPLEID] "123123"
[2026/03/25 12:38:45][49][ClientPacket] UNKNOWN @0004
[2026/03/25 12:38:48][49][DEBUG] setSelectedWorld : 0
[2026/03/25 12:38:48][49][DEBUG] setSelectedChannel : 0
[2026/03/25 12:38:48][49][WZ] setWzRoot : Character.wz
[2026/03/25 12:38:48][49][WZ] setWzRoot : Character.wz/Face
[2026/03/25 12:38:48][49][WZ] setWzRoot : Character.wz/Hair
[2026/03/25 12:38:48][49][WZ] setWzRoot : Skill.wz
[2026/03/25 12:38:52][49][DEBUG] findMigratingPlayer : NG.
[2026/03/25 12:38:52][49][WZ] setWzRoot : Map.wz
[2026/03/25 12:38:52][49][WZ] getData : Map.wz/Map/Map1/104040000.img
[2026/03/25 12:38:52][49][WZ] setWzRoot : Mob.wz
[2026/03/25 12:38:52][49][WZ] getData : Mob.wz/0100101.img
[2026/03/25 12:38:52][49][WZ] setWzRoot : String.wz
[2026/03/25 12:38:52][49][WZ] getData : String.wz/Mob.img
[2026/03/25 12:38:52][49][WZ] getData : Mob.wz/0130101.img
[2026/03/25 12:38:52][49][WZ] getData : Mob.wz/0210100.img
[2026/03/25 12:38:52][49][WZ] getData : Mob.wz/1210102.img
[2026/03/25 12:38:52][49][WZ] getData : Mob.wz/1110100.img
[2026/03/25 12:38:52][49][WZ] getData : Mob.wz/0130100.img
[2026/03/25 12:38:52][49][WZ] getData : Mob.wz/0120100.img
[2026/03/25 12:38:52][49][WZ] getData : String.wz/Map.img
[2026/03/25 12:38:52][49][WZ] setWzRoot : Item.wz/Cash/
[2026/03/25 12:38:52][49][WZ] getData : Item.wz/Cash//0501.img
[2026/03/25 12:38:52][49][WZ] getData : Item.wz/Cash//0502.img
[2026/03/25 12:38:52][49][WZ] getData : Item.wz/Cash//0503.img
[2026/03/25 12:38:52][49][WZ] getData : Item.wz/Cash//0504.img
[2026/03/25 12:38:52][49][WZ] getData : Item.wz/Cash//0505.img
[2026/03/25 12:38:52][49][WZ] getData : Item.wz/Cash//0506.img
[2026/03/25 12:38:52][49][WZ] getData : Item.wz/Cash//0507.img
[2026/03/25 12:38:52][49][WZ] getData : Item.wz/Cash//0508.img
[2026/03/25 12:38:52][49][WZ] getData : Item.wz/Cash//0509.img
[2026/03/25 12:38:52][49][WZ] getData : Item.wz/Cash//0510.img
[2026/03/25 12:38:52][49][WZ] getData : Item.wz/Cash//0511.img
[2026/03/25 12:38:52][49][WZ] getData : Item.wz/Cash//0512.img
[2026/03/25 12:38:52][49][WZ] getData : Item.wz/Cash//0513.img
[2026/03/25 12:38:52][49][WZ] getData : Item.wz/Cash//0514.img
[2026/03/25 12:38:52][49][WZ] getData : Item.wz/Cash//0515.img
[2026/03/25 12:38:52][49][WZ] getData : Item.wz/Cash//0516.img
[2026/03/25 12:38:52][49][WZ] getData : Item.wz/Cash//0517.img
[2026/03/25 12:38:52][49][WZ] getData : Item.wz/Cash//0518.img
[2026/03/25 12:38:52][49][WZ] getData : Item.wz/Cash//0519.img
[2026/03/25 12:38:52][49][WZ] getData : Item.wz/Cash//0520.img
[2026/03/25 12:38:52][49][WZ] getData : Item.wz/Cash//0521.img
[2026/03/25 12:38:52][49][WZ] getData : Item.wz/Cash//0522.img
[2026/03/25 12:38:52][49][WZ] getData : Item.wz/Cash//0523.img
[2026/03/25 12:38:52][49][WZ] getData : Item.wz/Cash//0524.img
[2026/03/25 12:38:52][49][WZ] getData : Item.wz/Cash//0525.img
[2026/03/25 12:38:52][49][WZ] getData : Item.wz/Cash//0528.img
[2026/03/25 12:38:52][49][WZ] getData : Item.wz/Cash//0529.img
[2026/03/25 12:38:52][49][WZ] getData : Item.wz/Cash//0530.img
[2026/03/25 12:38:52][49][WZ] getData : Item.wz/Cash//0531.img
[2026/03/25 12:38:52][49][WZ] getData : Item.wz/Cash//0532.img
[2026/03/25 12:38:52][49][WZ] getData : Item.wz/Cash//0533.img
[2026/03/25 12:38:52][49][WZ] getData : Item.wz/Cash//0536.img
[2026/03/25 12:38:52][49][WZ] getData : Item.wz/Cash//0537.img
[2026/03/25 12:38:52][49][WZ] getData : Item.wz/Cash//0538.img
[2026/03/25 12:38:52][49][WZ] getData : Item.wz/Cash//0539.img
[2026/03/25 12:38:52][49][WZ] getData : Item.wz/Cash//0540.img
[2026/03/25 12:38:52][49][WZ] getData : Item.wz/Cash//0542.img
[2026/03/25 12:38:52][49][WZ] getData : Item.wz/Cash//0543.img
[2026/03/25 12:38:52][49][WZ] getData : Item.wz/Cash//0545.img
[2026/03/25 12:38:52][49][WZ] getData : Item.wz/Cash//0546.img
[2026/03/25 12:38:52][49][WZ] getData : Item.wz/Cash//0547.img
[2026/03/25 12:38:52][49][WZ] getData : Item.wz/Cash//0551.img
[2026/03/25 12:38:52][49][WZ] getData : Item.wz/Cash//0552.img
[2026/03/25 12:38:52][49][WZ] getData : Item.wz/Cash//0553.img
[2026/03/25 12:38:52][49][WZ] getData : Item.wz/Cash//0557.img
[2026/03/25 12:38:52][49][WZ] getData : Item.wz/Cash//0561.img
[2026/03/25 12:38:52][49][WZ] getData : Item.wz/Cash//0599.img
[2026/03/25 12:38:52][49][WZ] setWzRoot : Item.wz/Consume/
[2026/03/25 12:38:52][49][WZ] getData : Item.wz/Consume//0200.img
[2026/03/25 12:38:52][49][WZ] getData : Item.wz/Consume//0201.img
[2026/03/25 12:38:52][49][WZ] getData : Item.wz/Consume//0202.img
[2026/03/25 12:38:52][49][WZ] getData : Item.wz/Consume//0203.img
[2026/03/25 12:38:52][49][WZ] getData : Item.wz/Consume//0204.img
[2026/03/25 12:38:52][49][WZ] getData : Item.wz/Consume//0205.img
[2026/03/25 12:38:52][49][WZ] getData : Item.wz/Consume//0206.img
[2026/03/25 12:38:52][49][WZ] getData : Item.wz/Consume//0207.img
[2026/03/25 12:38:52][49][WZ] getData : Item.wz/Consume//0210.img
[2026/03/25 12:38:52][49][WZ] getData : Item.wz/Consume//0212.img
[2026/03/25 12:38:52][49][WZ] getData : Item.wz/Consume//0216.img
[2026/03/25 12:38:52][49][WZ] getData : Item.wz/Consume//0219.img
[2026/03/25 12:38:52][49][WZ] getData : Item.wz/Consume//0221.img
[2026/03/25 12:38:52][49][WZ] getData : Item.wz/Consume//0224.img
[2026/03/25 12:38:52][49][WZ] getData : Item.wz/Consume//0226.img
[2026/03/25 12:38:52][49][WZ] getData : Item.wz/Consume//0227.img
[2026/03/25 12:38:52][49][WZ] getData : Item.wz/Consume//0228.img
[2026/03/25 12:38:52][49][WZ] getData : Item.wz/Consume//0229.img
[2026/03/25 12:38:52][49][WZ] getData : Item.wz/Consume//0231.img
[2026/03/25 12:38:52][49][WZ] getData : Item.wz/Consume//0232.img
[2026/03/25 12:38:52][49][WZ] getData : Item.wz/Consume//0233.img
[2026/03/25 12:38:52][49][WZ] getData : Item.wz/Consume//0234.img
[2026/03/25 12:38:52][49][WZ] getData : Item.wz/Consume//0236.img
[2026/03/25 12:38:52][49][WZ] getData : Item.wz/Consume//0238.img
[2026/03/25 12:38:52][49][WZ] getData : Item.wz/Consume//0243.img
[2026/03/25 12:38:52][49][WZ] setWzRoot : Item.wz/Etc/
[2026/03/25 12:38:52][49][WZ] getData : Item.wz/Etc//0400.img
[2026/03/25 12:38:52][49][WZ] getData : Item.wz/Etc//0401.img
[2026/03/25 12:38:52][49][WZ] getData : Item.wz/Etc//0402.img
[2026/03/25 12:38:52][49][WZ] getData : Item.wz/Etc//0403.img
[2026/03/25 12:38:52][49][WZ] getData : Item.wz/Etc//0405.img
[2026/03/25 12:38:52][49][WZ] getData : Item.wz/Etc//0408.img
[2026/03/25 12:38:52][49][WZ] getData : Item.wz/Etc//0413.img
[2026/03/25 12:38:52][49][WZ] getData : Item.wz/Etc//0414.img
[2026/03/25 12:38:52][49][WZ] getData : Item.wz/Etc//0416.img
[2026/03/25 12:38:52][49][WZ] getData : Item.wz/Etc//0417.img
[2026/03/25 12:38:52][49][WZ] getData : Item.wz/Etc//0421.img
[2026/03/25 12:38:52][49][WZ] getData : Item.wz/Etc//0422.img
[2026/03/25 12:38:52][49][WZ] getData : Item.wz/Etc//0425.img
[2026/03/25 12:38:52][49][WZ] getData : Item.wz/Etc//0426.img
[2026/03/25 12:38:52][49][WZ] getData : Item.wz/Etc//0430.img
[2026/03/25 12:38:52][49][WZ] setWzRoot : Item.wz/Install/
[2026/03/25 12:38:52][49][WZ] getData : Item.wz/Install//0301.img
[2026/03/25 12:38:52][49][WZ] getData : Item.wz/Install//0399.img
[2026/03/25 12:38:52][49][WZ] setWzRoot : Character.wz/
[2026/03/25 12:38:52][49][WZ] setWzRoot : Item.wz/Pet/
[2026/03/25 12:38:52][49][DEBUG] LoadItemXMLs: 504 (ms)
[2026/03/25 12:38:52][49][WZ] setWzRoot : Skill.wz
[2026/03/25 12:38:52][49][WZ] getData : Skill.wz/000.img
[2026/03/25 12:38:52][49][WZ] getData : String.wz/Skill.img
[2026/03/25 12:38:53][49][WZ] getData : Skill.wz/100.img
[2026/03/25 12:38:53][49][WZ] getData : Skill.wz/110.img
[2026/03/25 12:38:53][49][WZ] getData : Skill.wz/111.img
[2026/03/25 12:38:53][49][WZ] getData : Skill.wz/112.img
[2026/03/25 12:38:53][49][WZ] getData : Skill.wz/120.img
[2026/03/25 12:38:53][49][WZ] getData : Skill.wz/121.img
[2026/03/25 12:38:53][49][WZ] getData : Skill.wz/122.img
[2026/03/25 12:38:53][49][WZ] getData : Skill.wz/130.img
[2026/03/25 12:38:53][49][WZ] getData : Skill.wz/131.img
[2026/03/25 12:38:53][49][WZ] getData : Skill.wz/132.img
[2026/03/25 12:38:53][49][WZ] getData : Skill.wz/200.img
[2026/03/25 12:38:53][49][WZ] getData : Skill.wz/210.img
[2026/03/25 12:38:53][49][WZ] getData : Skill.wz/211.img
[2026/03/25 12:38:53][49][WZ] getData : Skill.wz/212.img
[2026/03/25 12:38:53][49][WZ] getData : Skill.wz/220.img
[2026/03/25 12:38:53][49][WZ] getData : Skill.wz/221.img
[2026/03/25 12:38:53][49][WZ] getData : Skill.wz/222.img
[2026/03/25 12:38:53][49][WZ] getData : Skill.wz/230.img
[2026/03/25 12:38:53][49][WZ] getData : Skill.wz/231.img
[2026/03/25 12:38:53][49][WZ] getData : Skill.wz/232.img
[2026/03/25 12:38:53][49][WZ] getData : Skill.wz/300.img
[2026/03/25 12:38:53][49][WZ] getData : Skill.wz/310.img
[2026/03/25 12:38:53][49][WZ] getData : Skill.wz/311.img
[2026/03/25 12:38:53][49][WZ] getData : Skill.wz/312.img
[2026/03/25 12:38:53][49][WZ] getData : Skill.wz/320.img
[2026/03/25 12:38:53][49][WZ] getData : Skill.wz/321.img
[2026/03/25 12:38:53][49][WZ] getData : Skill.wz/322.img
[2026/03/25 12:38:53][49][WZ] getData : Skill.wz/400.img
[2026/03/25 12:38:53][49][WZ] getData : Skill.wz/410.img
[2026/03/25 12:38:53][49][WZ] getData : Skill.wz/411.img
[2026/03/25 12:38:53][49][WZ] getData : Skill.wz/412.img
[2026/03/25 12:38:53][49][WZ] getData : Skill.wz/420.img
[2026/03/25 12:38:53][49][WZ] getData : Skill.wz/421.img
[2026/03/25 12:38:53][49][WZ] getData : Skill.wz/422.img
[2026/03/25 12:38:53][49][WZ] getData : Skill.wz/500.img
[2026/03/25 12:38:53][49][WZ] getData : Skill.wz/510.img
[2026/03/25 12:38:53][49][WZ] getData : Skill.wz/511.img
[2026/03/25 12:38:53][49][WZ] getData : Skill.wz/512.img
[2026/03/25 12:38:53][49][WZ] getData : Skill.wz/520.img
[2026/03/25 12:38:53][49][WZ] getData : Skill.wz/521.img
[2026/03/25 12:38:53][49][WZ] getData : Skill.wz/522.img
[2026/03/25 12:38:53][49][WZ] getData : Skill.wz/900.img
[2026/03/25 12:38:53][49][WZ] getData : Skill.wz/910.img
[2026/03/25 12:38:53][49][WZ] setWzRoot : Character.wz
[2026/03/25 12:38:53][49][WZ] getData : Character.wz/Glove/01082149.img
[2026/03/25 12:38:53][49][WZ] getData : Character.wz/Shoes/01072238.img
[2026/03/25 12:38:53][49][WZ] getData : Character.wz/Cape/01102040.img
[2026/03/25 12:38:53][49][WZ] getData : Character.wz/Weapon/01472055.img
[2026/03/25 12:38:53][49][WZ] getData : Character.wz/Cap/01002511.img
[2026/03/25 12:38:53][49][WZ] getData : Character.wz/Accessory/01122000.img
[2026/03/25 12:38:53][49][WZ] getData : Character.wz/Accessory/01132004.img
[2026/03/25 12:38:53][49][WZ] getData : Character.wz/Longcoat/01050127.img
[2026/03/25 12:38:53][49][WZ] getData : Character.wz/Accessory/01032062.img
[2026/03/25 12:38:53][49][WZ] getData : Character.wz/Ring/01112400.img
[2026/03/25 12:38:53][49][WZ] getData : Character.wz/Accessory/01022047.img
[2026/03/25 12:38:53][49][WZ] getData : Character.wz/Accessory/01012056.img
[2026/03/25 12:38:53][49][WZ] getData : Character.wz/TamingMob/01912000.img
[2026/03/25 12:38:53][49][WZ] getData : Character.wz/TamingMob/01902000.img
[2026/03/25 12:38:53][49][DEBUG] LazyDB load : RETURN_MAP_FREEMARKET = 102000000, ""
[2026/03/25 12:38:53][49][DEBUG] LazyDB load : RETURN_MAP_ARDENTMILL = 102000000, ""
[2026/03/25 12:38:54][49][ClientPacket] UNKNOWN @00C4
[2026/03/25 12:39:00][49][ClientPacket] UNKNOWN @0032
[2026/03/25 12:39:01][49][WZ] setWzRoot : Item.wz
[2026/03/25 12:39:01][49][WZ] getData : Item.wz/Consume/0207.img
[2026/03/25 12:39:02][70][WZ] getData : Character.wz/Pants/01060013.img
[2026/03/25 12:39:04][49][ClientPacket] UNKNOWN @0056
[2026/03/25 12:39:05][49][WZ] getData : Item.wz/Etc/0400.img
[2026/03/25 12:39:05][49][WZ] getData : Item.wz/Etc/0402.img
[2026/03/25 12:39:13][49][ERROR] doDecode size error
[2026/03/25 12:39:14][49][WZ] getData : Item.wz/Consume/0204.img
[2026/03/25 12:39:14][49][ClientPacket] UNKNOWN @0056
[2026/03/25 12:39:17][69][WZ] setWzRoot : Quest.wz
[2026/03/25 12:39:17][69][WZ] getData : Quest.wz/Check.img
[2026/03/25 12:39:17][69][WZ] getData : Quest.wz/Act.img
[2026/03/25 12:39:24][49][ClientPacket] UNKNOWN @0056
[2026/03/25 12:39:28][49][ClientPacket] UNKNOWN @0032
[2026/03/25 12:39:34][49][ClientPacket] UNKNOWN @0056
[2026/03/25 12:39:38][49][WZ] getData : Item.wz/Consume/0206.img
[2026/03/25 12:39:44][49][ClientPacket] UNKNOWN @0056
[2026/03/25 12:39:49][49][ClientPacket] UNKNOWN @0032
[2026/03/25 12:39:54][49][ClientPacket] UNKNOWN @0056
[2026/03/25 12:40:04][49][ClientPacket] UNKNOWN @0056
[2026/03/25 12:40:04][49][WZ] getData : Item.wz/Consume/0200.img
[2026/03/25 12:40:14][49][ClientPacket] UNKNOWN @0056
[2026/03/25 12:40:20][49][WZ] getData : Item.wz/Etc/0401.img
[2026/03/25 12:40:23][49][WZ] getData : Item.wz/Consume/0233.img
[2026/03/25 12:40:23][49][ClientPacket] UNKNOWN @0032
[2026/03/25 12:40:24][49][ClientPacket] UNKNOWN @0056
[2026/03/25 12:40:26][49][ClientPacket] UNKNOWN @0032
[2026/03/25 12:40:34][49][ClientPacket] UNKNOWN @0056
[2026/03/25 12:40:37][49][ClientPacket] UNKNOWN @0032
[2026/03/25 12:40:44][49][ClientPacket] UNKNOWN @0056
[2026/03/25 12:40:54][49][ClientPacket] UNKNOWN @0056
[2026/03/25 12:40:54][49][ClientPacket] UNKNOWN @0056
[2026/03/25 12:41:04][49][ClientPacket] UNKNOWN @0056
[2026/03/25 12:41:04][49][ClientPacket] UNKNOWN @0056
[2026/03/25 12:41:14][49][ClientPacket] UNKNOWN @0056
[2026/03/25 12:41:14][49][ClientPacket] UNKNOWN @0056
[2026/03/25 12:41:24][49][ClientPacket] UNKNOWN @0056
[2026/03/25 12:41:24][49][ClientPacket] UNKNOWN @0056
[2026/03/25 12:41:34][49][ClientPacket] UNKNOWN @0056
[2026/03/25 12:41:34][49][ClientPacket] UNKNOWN @0056
[2026/03/25 12:41:44][49][ClientPacket] UNKNOWN @0056
[2026/03/25 12:41:44][49][ClientPacket] UNKNOWN @0056
[2026/03/25 12:41:54][49][ClientPacket] UNKNOWN @0056
[2026/03/25 12:41:54][49][ClientPacket] UNKNOWN @0056
[2026/03/25 12:42:04][49][ClientPacket] UNKNOWN @0056
[2026/03/25 12:42:04][49][ClientPacket] UNKNOWN @0056
[2026/03/25 12:42:14][49][ClientPacket] UNKNOWN @0056
[2026/03/25 12:42:14][49][ClientPacket] UNKNOWN @0056
[2026/03/25 12:42:24][49][ClientPacket] UNKNOWN @0056
[2026/03/25 12:42:24][49][ClientPacket] UNKNOWN @0056
[2026/03/25 12:42:34][49][ClientPacket] UNKNOWN @0056
[2026/03/25 12:42:34][49][ClientPacket] UNKNOWN @0056
[2026/03/25 12:42:44][49][ClientPacket] UNKNOWN @0056
[2026/03/25 12:42:44][49][ClientPacket] UNKNOWN @0056
[2026/03/25 12:42:54][49][ClientPacket] UNKNOWN @0056
[2026/03/25 12:42:54][49][ClientPacket] UNKNOWN @0056
[2026/03/25 12:43:04][49][ClientPacket] UNKNOWN @0056
[2026/03/25 12:43:05][49][ClientPacket] UNKNOWN @0056
[2026/03/25 12:43:14][49][ClientPacket] UNKNOWN @0056
[2026/03/25 12:43:15][49][ClientPacket] UNKNOWN @0056
[2026/03/25 12:43:24][49][ClientPacket] UNKNOWN @0056
[2026/03/25 12:43:25][49][ClientPacket] UNKNOWN @0056
[2026/03/25 12:43:34][49][ClientPacket] UNKNOWN @0056
[2026/03/25 12:43:35][49][ClientPacket] UNKNOWN @0056
[2026/03/25 12:43:44][49][ClientPacket] UNKNOWN @0056
[2026/03/25 12:43:45][49][ClientPacket] UNKNOWN @0056
[2026/03/25 12:43:51][49][ERROR] doDecode size error
[2026/03/25 12:43:54][49][ClientPacket] UNKNOWN @0056
[2026/03/25 12:43:55][49][ClientPacket] UNKNOWN @0056
[2026/03/25 12:44:04][49][ClientPacket] UNKNOWN @0056
[2026/03/25 12:44:05][49][ClientPacket] UNKNOWN @0056
[2026/03/25 12:44:14][49][ClientPacket] UNKNOWN @0056
[2026/03/25 12:44:15][49][ClientPacket] UNKNOWN @0056
[2026/03/25 12:44:24][49][ClientPacket] UNKNOWN @0056
[2026/03/25 12:44:25][49][ClientPacket] UNKNOWN @0056
[2026/03/25 12:44:34][49][ClientPacket] UNKNOWN @0056
[2026/03/25 12:44:35][49][ClientPacket] UNKNOWN @0056
[2026/03/25 12:44:44][49][ClientPacket] UNKNOWN @0056
[2026/03/25 12:44:45][49][ClientPacket] UNKNOWN @0056
[2026/03/25 12:44:54][49][ClientPacket] UNKNOWN @0056
[2026/03/25 12:44:55][49][ClientPacket] UNKNOWN @0056
[2026/03/25 12:45:04][49][ClientPacket] UNKNOWN @0056
[2026/03/25 12:45:05][49][ClientPacket] UNKNOWN @0056
[2026/03/25 12:45:14][49][ClientPacket] UNKNOWN @0056
[2026/03/25 12:45:15][49][ClientPacket] UNKNOWN @0056
[2026/03/25 12:45:24][49][ClientPacket] UNKNOWN @0056
[2026/03/25 12:45:25][49][ClientPacket] UNKNOWN @0056
[2026/03/25 12:45:34][49][ClientPacket] UNKNOWN @0056
[2026/03/25 12:45:35][49][ClientPacket] UNKNOWN @0056
[2026/03/25 12:45:44][49][ClientPacket] UNKNOWN @0056
[2026/03/25 12:45:45][49][ClientPacket] UNKNOWN @0056
[2026/03/25 12:45:54][49][ClientPacket] UNKNOWN @0056
[2026/03/25 12:45:55][49][ClientPacket] UNKNOWN @0056
[2026/03/25 12:46:04][49][ClientPacket] UNKNOWN @0056
[2026/03/25 12:46:05][49][ClientPacket] UNKNOWN @0056
[2026/03/25 12:46:14][49][ClientPacket] UNKNOWN @0056
[2026/03/25 12:46:15][49][ClientPacket] UNKNOWN @0056
[2026/03/25 12:46:24][49][ClientPacket] UNKNOWN @0056
[2026/03/25 12:46:25][49][ClientPacket] UNKNOWN @0056
[2026/03/25 12:46:34][49][ClientPacket] UNKNOWN @0056
[2026/03/25 12:46:35][49][ClientPacket] UNKNOWN @0056
[2026/03/25 12:46:44][49][ClientPacket] UNKNOWN @0056
[2026/03/25 12:46:45][49][ClientPacket] UNKNOWN @0056
[2026/03/25 12:46:54][49][ClientPacket] UNKNOWN @0056
[2026/03/25 12:46:55][49][ClientPacket] UNKNOWN @0056
[2026/03/25 12:47:04][49][ClientPacket] UNKNOWN @0056
[2026/03/25 12:47:05][49][ClientPacket] UNKNOWN @0056
[2026/03/25 12:47:14][49][ClientPacket] UNKNOWN @0056
[2026/03/25 12:47:15][49][ClientPacket] UNKNOWN @0056
[2026/03/25 12:47:24][49][ClientPacket] UNKNOWN @0056
[2026/03/25 12:47:25][49][ClientPacket] UNKNOWN @0056
[2026/03/25 12:47:34][49][ClientPacket] UNKNOWN @0056
[2026/03/25 12:47:35][49][ClientPacket] UNKNOWN @0056
[2026/03/25 12:47:44][49][ClientPacket] UNKNOWN @0056
[2026/03/25 12:47:45][49][ClientPacket] UNKNOWN @0056
[2026/03/25 12:47:54][49][ClientPacket] UNKNOWN @0056
[2026/03/25 12:47:55][49][ClientPacket] UNKNOWN @0056
[2026/03/25 12:48:05][49][ClientPacket] UNKNOWN @0056
[2026/03/25 12:48:05][49][ClientPacket] UNKNOWN @0056
[2026/03/25 12:48:15][49][ClientPacket] UNKNOWN @0056
[2026/03/25 12:48:15][49][ClientPacket] UNKNOWN @0056
[2026/03/25 12:48:25][49][ClientPacket] UNKNOWN @0056
[2026/03/25 12:48:25][49][ClientPacket] UNKNOWN @0056
[2026/03/25 12:48:35][49][ClientPacket] UNKNOWN @0056
[2026/03/25 12:48:35][49][ClientPacket] UNKNOWN @0056
[2026/03/25 12:48:45][49][ClientPacket] UNKNOWN @0056
[2026/03/25 12:48:45][49][ClientPacket] UNKNOWN @0056
[2026/03/25 12:48:55][49][ClientPacket] UNKNOWN @0056
[2026/03/25 12:48:55][49][ClientPacket] UNKNOWN @0056
[2026/03/25 12:49:05][49][ClientPacket] UNKNOWN @0056
[2026/03/25 12:49:05][49][ClientPacket] UNKNOWN @0056
[2026/03/25 12:49:15][49][ClientPacket] UNKNOWN @0056
[2026/03/25 12:49:15][49][ClientPacket] UNKNOWN @0056
[2026/03/25 12:49:25][49][ClientPacket] UNKNOWN @0056
[2026/03/25 12:49:25][49][ClientPacket] UNKNOWN @0056
[2026/03/25 12:49:35][49][ClientPacket] UNKNOWN @0056
[2026/03/25 12:49:35][49][ClientPacket] UNKNOWN @0056
[2026/03/25 12:49:45][49][ClientPacket] UNKNOWN @0056
[2026/03/25 12:49:55][49][ClientPacket] UNKNOWN @0056
[2026/03/25 12:49:57][49][ClientPacket] UNKNOWN @0032
[2026/03/25 12:50:05][49][ClientPacket] UNKNOWN @0056
[2026/03/25 12:50:06][49][ClientPacket] UNKNOWN @0032
[2026/03/25 12:50:15][49][ClientPacket] UNKNOWN @0056
[2026/03/25 12:50:17][49][ClientPacket] UNKNOWN @0056
[2026/03/25 12:50:25][49][ClientPacket] UNKNOWN @0056
[2026/03/25 12:50:27][49][ClientPacket] UNKNOWN @0056
[2026/03/25 12:50:35][49][ClientPacket] UNKNOWN @0056
[2026/03/25 12:50:37][49][ClientPacket] UNKNOWN @0056
[2026/03/25 12:50:45][49][ClientPacket] UNKNOWN @0056
[2026/03/25 12:50:47][49][ClientPacket] UNKNOWN @0056
[2026/03/25 12:50:55][49][ClientPacket] UNKNOWN @0056
[2026/03/25 12:50:57][49][ClientPacket] UNKNOWN @0056
[2026/03/25 12:51:06][49][ClientPacket] UNKNOWN @0056
[2026/03/25 12:51:16][49][ClientPacket] UNKNOWN @0056
[2026/03/25 12:51:16][49][ClientPacket] UNKNOWN @0032
[2026/03/25 12:51:25][49][ClientPacket] UNKNOWN @0056
[2026/03/25 12:51:25][49][ClientPacket] UNKNOWN @0032
[2026/03/25 12:51:26][49][ClientPacket] UNKNOWN @0056
[2026/03/25 12:51:35][49][ClientPacket] UNKNOWN @0056
[2026/03/25 12:51:36][49][ClientPacket] UNKNOWN @0056
[2026/03/25 12:51:36][49][ClientPacket] UNKNOWN @0032
[2026/03/25 12:51:39][49][ClientPacket] UNKNOWN @0032
[2026/03/25 12:51:46][49][ClientPacket] UNKNOWN @0056
[2026/03/25 12:51:48][49][ClientPacket] UNKNOWN @0032
[2026/03/25 12:51:54][49][ClientPacket] UNKNOWN @0032
[2026/03/25 12:51:56][49][ClientPacket] UNKNOWN @0056
[2026/03/25 12:52:06][49][ClientPacket] UNKNOWN @0056
[2026/03/25 12:52:12][49][ClientPacket] UNKNOWN @0032
[2026/03/25 12:52:16][49][ClientPacket] UNKNOWN @0056
[2026/03/25 12:52:26][49][ClientPacket] UNKNOWN @0056
[2026/03/25 12:52:27][49][ClientPacket] UNKNOWN @0056
[2026/03/25 12:52:36][49][ClientPacket] UNKNOWN @0056
[2026/03/25 12:52:37][49][ClientPacket] UNKNOWN @0056
[2026/03/25 12:52:46][49][ClientPacket] UNKNOWN @0056
[2026/03/25 12:52:47][49][ClientPacket] UNKNOWN @0056
[2026/03/25 12:52:56][49][ClientPacket] UNKNOWN @0056
[2026/03/25 12:52:57][49][ClientPacket] UNKNOWN @0056
[2026/03/25 12:53:06][49][ClientPacket] UNKNOWN @0056
[2026/03/25 12:53:07][49][ClientPacket] UNKNOWN @0056
[2026/03/25 12:53:16][49][ClientPacket] UNKNOWN @0056
[2026/03/25 12:53:17][49][ClientPacket] UNKNOWN @0056
[2026/03/25 12:53:26][49][ClientPacket] UNKNOWN @0056
[2026/03/25 12:53:27][49][ClientPacket] UNKNOWN @0056
[2026/03/25 12:53:36][49][ClientPacket] UNKNOWN @0056
[2026/03/25 12:53:37][49][ClientPacket] UNKNOWN @0056
[2026/03/25 12:53:46][49][ClientPacket] UNKNOWN @0056
[2026/03/25 12:53:47][49][ClientPacket] UNKNOWN @0056
[2026/03/25 12:53:56][49][ClientPacket] UNKNOWN @0056
[2026/03/25 12:53:57][49][ClientPacket] UNKNOWN @0056
[2026/03/25 12:54:06][49][ClientPacket] UNKNOWN @0056
[2026/03/25 12:54:07][49][ClientPacket] UNKNOWN @0056
[2026/03/25 12:54:16][49][ClientPacket] UNKNOWN @0056
[2026/03/25 12:54:17][49][ClientPacket] UNKNOWN @0056
[2026/03/25 12:54:26][49][ClientPacket] UNKNOWN @0056
[2026/03/25 12:54:27][49][ClientPacket] UNKNOWN @0056
[2026/03/25 12:54:36][49][ClientPacket] UNKNOWN @0056
[2026/03/25 12:54:37][49][ClientPacket] UNKNOWN @0056
[2026/03/25 12:54:46][49][ClientPacket] UNKNOWN @0056
[2026/03/25 12:54:47][49][ClientPacket] UNKNOWN @0056
[2026/03/25 12:54:56][49][ClientPacket] UNKNOWN @0056
[2026/03/25 12:54:57][49][ClientPacket] UNKNOWN @0056
[2026/03/25 12:55:06][49][ClientPacket] UNKNOWN @0056
[2026/03/25 12:55:07][49][ClientPacket] UNKNOWN @0056
[2026/03/25 12:55:16][49][ClientPacket] UNKNOWN @0056
[2026/03/25 12:55:17][49][ClientPacket] UNKNOWN @0056
[2026/03/25 12:55:26][49][ClientPacket] UNKNOWN @0056
[2026/03/25 12:55:27][49][ClientPacket] UNKNOWN @0056
[2026/03/25 12:55:36][49][ClientPacket] UNKNOWN @0056
[2026/03/25 12:55:37][49][ClientPacket] UNKNOWN @0056
[2026/03/25 12:55:46][49][ClientPacket] UNKNOWN @0056
[2026/03/25 12:55:47][49][ClientPacket] UNKNOWN @0056
[2026/03/25 12:55:56][49][ClientPacket] UNKNOWN @0056
[2026/03/25 12:55:57][49][ClientPacket] UNKNOWN @0056
[2026/03/25 12:56:06][49][ClientPacket] UNKNOWN @0056
[2026/03/25 12:56:07][49][ClientPacket] UNKNOWN @0056
[2026/03/25 12:56:16][49][ClientPacket] UNKNOWN @0056
[2026/03/25 12:56:17][49][ClientPacket] UNKNOWN @0056
[2026/03/25 12:56:26][49][ClientPacket] UNKNOWN @0056
[2026/03/25 12:56:27][49][ClientPacket] UNKNOWN @0056
[2026/03/25 12:56:36][49][ClientPacket] UNKNOWN @0056
[2026/03/25 12:56:37][49][ClientPacket] UNKNOWN @0056
[2026/03/25 12:56:46][49][ClientPacket] UNKNOWN @0056
[2026/03/25 12:56:47][49][ClientPacket] UNKNOWN @0056
[2026/03/25 12:56:53][49][ERROR] doDecode size error
[2026/03/25 12:56:56][49][ClientPacket] UNKNOWN @0056
[2026/03/25 12:56:57][49][ClientPacket] UNKNOWN @0056
[2026/03/25 12:57:06][49][ClientPacket] UNKNOWN @0056
[2026/03/25 12:57:08][49][ClientPacket] UNKNOWN @0056
[2026/03/25 12:57:16][49][ClientPacket] UNKNOWN @0056
[2026/03/25 12:57:18][49][ClientPacket] UNKNOWN @0056
[2026/03/25 12:57:26][49][ClientPacket] UNKNOWN @0056
[2026/03/25 12:57:28][49][ClientPacket] UNKNOWN @0056
[2026/03/25 12:57:36][49][ClientPacket] UNKNOWN @0056
[2026/03/25 12:57:38][49][ClientPacket] UNKNOWN @0056
[2026/03/25 12:57:46][49][ClientPacket] UNKNOWN @0056
[2026/03/25 12:57:48][49][ClientPacket] UNKNOWN @0056
[2026/03/25 12:57:56][49][ClientPacket] UNKNOWN @0056
[2026/03/25 12:57:58][49][ClientPacket] UNKNOWN @0056
[2026/03/25 12:58:06][49][ClientPacket] UNKNOWN @0056
[2026/03/25 12:58:08][49][ClientPacket] UNKNOWN @0056
[2026/03/25 12:58:16][49][ClientPacket] UNKNOWN @0056
[2026/03/25 12:58:18][49][ClientPacket] UNKNOWN @0056
[2026/03/25 12:58:26][49][ClientPacket] UNKNOWN @0056
[2026/03/25 12:58:28][49][ClientPacket] UNKNOWN @0056
[2026/03/25 12:58:36][49][ClientPacket] UNKNOWN @0056
[2026/03/25 12:58:38][49][ClientPacket] UNKNOWN @0056
[2026/03/25 12:58:41][49][ERROR] doDecode size error
[2026/03/25 12:58:46][49][ClientPacket] UNKNOWN @0056
[2026/03/25 12:58:48][49][ClientPacket] UNKNOWN @0056
[2026/03/25 12:58:56][49][ClientPacket] UNKNOWN @0056
[2026/03/25 12:58:58][49][ClientPacket] UNKNOWN @0056
[2026/03/25 12:59:06][49][ClientPacket] UNKNOWN @0056
[2026/03/25 12:59:08][49][ClientPacket] UNKNOWN @0056
[2026/03/25 12:59:17][49][ClientPacket] UNKNOWN @0056
[2026/03/25 12:59:18][49][ClientPacket] UNKNOWN @0056
[2026/03/25 12:59:27][49][ClientPacket] UNKNOWN @0056
[2026/03/25 12:59:28][49][ClientPacket] UNKNOWN @0056
[2026/03/25 12:59:37][49][ClientPacket] UNKNOWN @0056
[2026/03/25 12:59:38][49][ClientPacket] UNKNOWN @0056
[2026/03/25 12:59:47][49][ClientPacket] UNKNOWN @0056
[2026/03/25 12:59:48][49][ClientPacket] UNKNOWN @0056
[2026/03/25 12:59:57][49][ClientPacket] UNKNOWN @0056
[2026/03/25 12:59:58][49][ClientPacket] UNKNOWN @0056
[2026/03/25 13:00:07][49][ClientPacket] UNKNOWN @0056
[2026/03/25 13:00:08][49][ClientPacket] UNKNOWN @0056
[2026/03/25 13:00:17][49][ClientPacket] UNKNOWN @0056
[2026/03/25 13:00:18][49][ClientPacket] UNKNOWN @0056
[2026/03/25 13:00:27][49][ClientPacket] UNKNOWN @0056
[2026/03/25 13:00:28][49][ClientPacket] UNKNOWN @0056
[2026/03/25 13:00:37][49][ClientPacket] UNKNOWN @0056
[2026/03/25 13:00:37][49][ERROR] doDecode size error
[2026/03/25 13:00:38][49][ClientPacket] UNKNOWN @0056
[2026/03/25 13:00:47][49][ClientPacket] UNKNOWN @0056
[2026/03/25 13:00:48][49][ClientPacket] UNKNOWN @0056
[2026/03/25 13:00:57][49][ClientPacket] UNKNOWN @0056
[2026/03/25 13:00:58][49][ClientPacket] UNKNOWN @0056
[2026/03/25 13:01:07][49][ClientPacket] UNKNOWN @0056
[2026/03/25 13:01:08][49][ClientPacket] UNKNOWN @0056
[2026/03/25 13:01:10][49][ERROR] doDecode size error
[2026/03/25 13:01:17][49][ClientPacket] UNKNOWN @0056
[2026/03/25 13:01:18][49][ClientPacket] UNKNOWN @0056
[2026/03/25 13:01:27][49][ClientPacket] UNKNOWN @0056
[2026/03/25 13:01:28][49][ClientPacket] UNKNOWN @0056
[2026/03/25 13:01:37][49][ClientPacket] UNKNOWN @0056
[2026/03/25 13:01:38][49][ClientPacket] UNKNOWN @0056
[2026/03/25 13:01:47][49][ClientPacket] UNKNOWN @0056
[2026/03/25 13:01:48][49][ClientPacket] UNKNOWN @0056
[2026/03/25 13:01:57][49][ClientPacket] UNKNOWN @0056
[2026/03/25 13:01:58][49][ClientPacket] UNKNOWN @0056
[2026/03/25 13:02:07][49][ClientPacket] UNKNOWN @0056
[2026/03/25 13:02:08][49][ClientPacket] UNKNOWN @0056
[2026/03/25 13:02:17][49][ClientPacket] UNKNOWN @0056
[2026/03/25 13:02:18][49][ClientPacket] UNKNOWN @0056
[2026/03/25 13:02:27][49][ClientPacket] UNKNOWN @0056
[2026/03/25 13:02:28][49][ClientPacket] UNKNOWN @0056
[2026/03/25 13:02:37][49][ClientPacket] UNKNOWN @0056
[2026/03/25 13:02:38][49][ClientPacket] UNKNOWN @0056
[2026/03/25 13:02:47][49][ClientPacket] UNKNOWN @0056
[2026/03/25 13:02:48][49][ClientPacket] UNKNOWN @0056
[2026/03/25 13:02:57][49][ClientPacket] UNKNOWN @0056
[2026/03/25 13:02:58][49][ClientPacket] UNKNOWN @0056
[2026/03/25 13:03:07][49][ClientPacket] UNKNOWN @0056
[2026/03/25 13:03:08][49][ClientPacket] UNKNOWN @0056
[2026/03/25 13:03:17][49][ClientPacket] UNKNOWN @0056
[2026/03/25 13:03:18][49][ClientPacket] UNKNOWN @0056
[2026/03/25 13:03:27][49][ClientPacket] UNKNOWN @0056
[2026/03/25 13:03:28][49][ClientPacket] UNKNOWN @0056
[2026/03/25 13:03:37][49][ClientPacket] UNKNOWN @0056
[2026/03/25 13:03:38][49][ClientPacket] UNKNOWN @0056
[2026/03/25 13:03:47][49][ClientPacket] UNKNOWN @0056
[2026/03/25 13:03:48][49][ClientPacket] UNKNOWN @0056
[2026/03/25 13:03:51][49][ERROR] doDecode size error
[2026/03/25 13:03:57][49][ClientPacket] UNKNOWN @0056
[2026/03/25 13:03:58][49][ClientPacket] UNKNOWN @0056
[2026/03/25 13:04:07][49][ClientPacket] UNKNOWN @0056
[2026/03/25 13:04:08][49][ClientPacket] UNKNOWN @0056
[2026/03/25 13:04:17][49][ClientPacket] UNKNOWN @0056
[2026/03/25 13:04:18][49][ClientPacket] UNKNOWN @0056
[2026/03/25 13:04:27][49][ClientPacket] UNKNOWN @0056
[2026/03/25 13:04:28][49][ClientPacket] UNKNOWN @0056
[2026/03/25 13:04:37][49][ClientPacket] UNKNOWN @0056
[2026/03/25 13:04:38][49][ClientPacket] UNKNOWN @0056
[2026/03/25 13:04:47][49][ClientPacket] UNKNOWN @0056
[2026/03/25 13:04:48][49][ClientPacket] UNKNOWN @0056
[2026/03/25 13:04:57][49][ClientPacket] UNKNOWN @0056
[2026/03/25 13:04:58][49][ClientPacket] UNKNOWN @0056
[2026/03/25 13:05:03][49][ERROR] doDecode size error
[2026/03/25 13:05:07][49][ClientPacket] UNKNOWN @0056
[2026/03/25 13:05:08][49][ClientPacket] UNKNOWN @0056
[2026/03/25 13:05:17][49][ClientPacket] UNKNOWN @0056
[2026/03/25 13:05:18][49][ClientPacket] UNKNOWN @0056
[2026/03/25 13:05:27][49][ClientPacket] UNKNOWN @0056
[2026/03/25 13:05:29][49][ClientPacket] UNKNOWN @0056
[2026/03/25 13:05:37][49][ClientPacket] UNKNOWN @0056
[2026/03/25 13:05:39][49][ClientPacket] UNKNOWN @0056
[2026/03/25 13:05:47][49][ClientPacket] UNKNOWN @0056
[2026/03/25 13:05:49][49][ClientPacket] UNKNOWN @0056
[2026/03/25 13:05:57][49][ClientPacket] UNKNOWN @0056
[2026/03/25 13:05:59][49][ClientPacket] UNKNOWN @0056
[2026/03/25 13:06:07][49][ClientPacket] UNKNOWN @0056
[2026/03/25 13:06:09][49][ClientPacket] UNKNOWN @0056
[2026/03/25 13:06:17][49][ClientPacket] UNKNOWN @0056
[2026/03/25 13:06:19][49][ClientPacket] UNKNOWN @0056
[2026/03/25 13:06:27][49][ClientPacket] UNKNOWN @0056
[2026/03/25 13:06:29][49][ClientPacket] UNKNOWN @0056
[2026/03/25 13:06:37][49][ClientPacket] UNKNOWN @0056
[2026/03/25 13:06:39][49][ClientPacket] UNKNOWN @0056
[2026/03/25 13:06:47][49][ClientPacket] UNKNOWN @0056
[2026/03/25 13:06:49][49][ClientPacket] UNKNOWN @0056
[2026/03/25 13:06:57][49][ClientPacket] UNKNOWN @0056
[2026/03/25 13:06:59][49][ClientPacket] UNKNOWN @0056
[2026/03/25 13:07:07][49][ClientPacket] UNKNOWN @0056
[2026/03/25 13:07:09][49][ClientPacket] UNKNOWN @0056
[2026/03/25 13:07:17][49][ClientPacket] UNKNOWN @0056
[2026/03/25 13:07:19][49][ClientPacket] UNKNOWN @0056
[2026/03/25 13:07:28][49][ClientPacket] UNKNOWN @0056
[2026/03/25 13:07:29][49][ClientPacket] UNKNOWN @0056
[2026/03/25 13:07:38][49][ClientPacket] UNKNOWN @0056
[2026/03/25 13:07:39][49][ClientPacket] UNKNOWN @0056
[2026/03/25 13:07:48][49][ClientPacket] UNKNOWN @0056
[2026/03/25 13:07:49][49][ClientPacket] UNKNOWN @0056
[2026/03/25 13:07:58][49][ClientPacket] UNKNOWN @0056
[2026/03/25 13:07:59][49][ClientPacket] UNKNOWN @0056
[2026/03/25 13:08:08][49][ClientPacket] UNKNOWN @0056
[2026/03/25 13:08:09][49][ClientPacket] UNKNOWN @0056
[2026/03/25 13:08:18][49][ClientPacket] UNKNOWN @0056
[2026/03/25 13:08:19][49][ClientPacket] UNKNOWN @0056
[2026/03/25 13:08:28][49][ClientPacket] UNKNOWN @0056
[2026/03/25 13:08:29][49][ERROR] doDecode size error
[2026/03/25 13:08:29][49][ClientPacket] UNKNOWN @0056
[2026/03/25 13:08:38][49][ClientPacket] UNKNOWN @0056
[2026/03/25 13:08:39][49][ClientPacket] UNKNOWN @0056
[2026/03/25 13:08:48][49][ClientPacket] UNKNOWN @0056
[2026/03/25 13:08:49][49][ClientPacket] UNKNOWN @0056
[2026/03/25 13:08:58][49][ClientPacket] UNKNOWN @0056
[2026/03/25 13:08:59][49][ClientPacket] UNKNOWN @0056
[2026/03/25 13:09:08][49][ClientPacket] UNKNOWN @0056
[2026/03/25 13:09:09][49][ClientPacket] UNKNOWN @0056
[2026/03/25 13:09:18][49][ClientPacket] UNKNOWN @0056
[2026/03/25 13:09:19][49][ClientPacket] UNKNOWN @0056
[2026/03/25 13:09:28][49][ClientPacket] UNKNOWN @0056
[2026/03/25 13:09:29][49][ClientPacket] UNKNOWN @0056
[2026/03/25 13:09:38][49][ClientPacket] UNKNOWN @0056
[2026/03/25 13:09:39][49][ClientPacket] UNKNOWN @0056
[2026/03/25 13:09:48][49][ClientPacket] UNKNOWN @0056
[2026/03/25 13:09:49][49][ClientPacket] UNKNOWN @0056
[2026/03/25 13:09:58][49][ClientPacket] UNKNOWN @0056
[2026/03/25 13:09:59][49][ClientPacket] UNKNOWN @0056
[2026/03/25 13:10:08][49][ClientPacket] UNKNOWN @0056
[2026/03/25 13:10:09][49][ClientPacket] UNKNOWN @0056
[2026/03/25 13:10:18][49][ClientPacket] UNKNOWN @0056
[2026/03/25 13:10:19][49][ClientPacket] UNKNOWN @0056
[2026/03/25 13:10:28][49][ClientPacket] UNKNOWN @0056
[2026/03/25 13:10:29][49][ClientPacket] UNKNOWN @0056
[2026/03/25 13:10:38][49][ClientPacket] UNKNOWN @0056
[2026/03/25 13:10:39][49][ClientPacket] UNKNOWN @0056
[2026/03/25 13:10:41][49][ClientPacket] UNKNOWN @00C4
[2026/03/25 13:10:41][49][NETWORK] [Server_Kaede-1][/127.0.0.1:56783] sessionClosed.
[2026/03/25 13:10:41][49][ERROR] [LastSP][Kaede-1][sessionClosed] begin
[2026/03/25 13:10:41][49][ERROR] [LastSP] @00B7 3C 87 01 00 8D 06 00 0F 00 00 00
[2026/03/25 13:10:41][49][ERROR] [LastSP] @00B7 40 87 01 00 8D 06 00 1E 00 00 00
[2026/03/25 13:10:41][49][ERROR] [LastSP] @00B7 41 87 01 00 8D 06 00 1E 00 00 00
[2026/03/25 13:10:41][49][ERROR] [LastSP] @00B7 5A 88 01 00 F8 03 00 2D 00 00 00
[2026/03/25 13:10:41][49][ERROR] [LastSP] @00B7 0A 88 01 00 5B 04 00 0F 00 00 00
[2026/03/25 13:10:41][49][ERROR] [LastSP] @00B7 0E 88 01 00 5B 04 00 0F 00 00 00
[2026/03/25 13:10:41][49][ERROR] [LastSP] @00B7 10 88 01 00 5B 04 00 0F 00 00 00
[2026/03/25 13:10:41][49][ERROR] [LastSP] @00B7 13 88 01 00 5B 04 00 1E 00 00 00
[2026/03/25 13:10:41][49][ERROR] [LastSP] @00B7 3C 88 01 00 07 04 00 2D 00 00 00
[2026/03/25 13:10:41][49][ERROR] [LastSP] @00B7 D5 86 01 00 AB 06 00 0F 00 00 00
[2026/03/25 13:10:41][49][ERROR] [LastSP] @00B7 D6 86 01 00 AB 06 00 0F 00 00 00
[2026/03/25 13:10:41][49][ERROR] [LastSP] @00B7 15 88 01 00 75 04 00 2D 00 00 00
[2026/03/25 13:10:41][49][ERROR] [LastSP] @00B7 EB 86 01 00 A3 06 00 1E 00 00 00
[2026/03/25 13:10:41][49][ERROR] [LastSP] @00B7 EE 86 01 00 A3 06 00 1E 00 00 00
[2026/03/25 13:10:41][49][ERROR] [LastSP] @00B7 AF 86 01 00 B6 06 00 1E 00 00 00
[2026/03/25 13:10:41][49][ERROR] [LastSP] @00B7 B5 86 01 00 B6 06 00 0F 00 00 00
[2026/03/25 13:10:41][49][ERROR] [LastSP] @00B7 BB 86 01 00 B6 06 00 0F 00 00 00
[2026/03/25 13:10:41][49][ERROR] [LastSP] @00B7 BC 86 01 00 B6 06 00 1E 00 00 00
[2026/03/25 13:10:41][49][ERROR] [LastSP] @00B7 C1 86 01 00 B6 06 00 1E 00 00 00
[2026/03/25 13:10:41][49][ERROR] [LastSP] @00B7 5B 88 01 00 F9 03 00 23 00 00 00
[2026/03/25 13:10:41][49][ERROR] [LastSP][Kaede-1][sessionClosed] end
[2026/03/25 13:10:41][49][DEBUG] setManual
[2026/03/25 13:10:41][49][DEBUG] commit
[2026/03/25 13:10:41][49][DEBUG] setAuto
[2026/03/25 13:10:41][49][DEBUG] findMigratingPlayer : NG.
